08:18:39 | INFO     | NeuroFocus | Starting NeuroFocus application
08:18:41 | INFO     | NeuroFocus | VideoThread инициализирован
08:18:41 | INFO     | NeuroFocus | Приложение запущено успешно
08:18:41 | INFO     | NeuroFocus | Main window displayed
08:18:45 | INFO     | NeuroFocus | VideoThread: камера запущена
08:18:45 | ERROR    | NeuroFocus | VideoThread: ошибка обработки лица: 'list' object has no attribute 'landmark'
08:18:45 | ERROR    | NeuroFocus | VideoThread: ошибка обработки лица: 'list' object has no attribute 'landmark'
08:18:45 | ERROR    | NeuroFocus | VideoThread: ошибка обработки лица: 'list' object has no attribute 'landmark'
08:18:45 | ERROR    | NeuroFocus | VideoThread: ошибка обработки лица: 'list' object has no attribute 'landmark'
08:18:45 | ERROR    | NeuroFocus | VideoThread: ошибка обработки лица: 'list' object has no attribute 'landmark'
08:18:46 | ERROR    | NeuroFocus | VideoThread: ошибка обработки лица: 'list' object has no attribute 'landmark'
08:18:46 | ERROR    | NeuroFocus | VideoThread: ошибка обработки лица: 'list' object has no attribute 'landmark'
08:18:46 | ERROR    | NeuroFocus | VideoThread: ошибка обработки лица: 'list' object has no attribute 'landmark'
08:18:46 | ERROR    | NeuroFocus | VideoThread: ошибка обработки лица: 'list' object has no attribute 'landmark'
08:18:46 | ERROR    | NeuroFocus | VideoThread: ошибка обработки лица: 'list' object has no attribute 'landmark'
08:18:46 | ERROR    | NeuroFocus | VideoThread: ошибка обработки лица: 'list' object has no attribute 'landmark'
08:18:46 | ERROR    | NeuroFocus | VideoThread: ошибка обработки лица: 'list' object has no attribute 'landmark'
08:18:46 | ERROR    | NeuroFocus | VideoThread: ошибка обработки лица: 'list' object has no attribute 'landmark'
08:18:46 | ERROR    | NeuroFocus | VideoThread: ошибка обработки лица: 'list' object has no attribute 'landmark'
08:18:46 | ERROR    | NeuroFocus | VideoThread: ошибка обработки лица: 'list' object has no attribute 'landmark'
08:18:46 | ERROR    | NeuroFocus | VideoThread: ошибка обработки лица: 'list' object has no attribute 'landmark'
08:18:47 | ERROR    | NeuroFocus | VideoThread: ошибка обработки лица: 'list' object has no attribute 'landmark'
08:18:47 | ERROR    | NeuroFocus | VideoThread: ошибка обработки лица: 'list' object has no attribute 'landmark'
08:18:47 | ERROR    | NeuroFocus | VideoThread: ошибка обработки лица: 'list' object has no attribute 'landmark'
08:18:47 | ERROR    | NeuroFocus | VideoThread: ошибка обработки лица: 'list' object has no attribute 'landmark'
08:18:47 | ERROR    | NeuroFocus | VideoThread: ошибка обработки лица: 'list' object has no attribute 'landmark'
08:18:47 | ERROR    | NeuroFocus | VideoThread: ошибка обработки лица: 'list' object has no attribute 'landmark'
08:18:50 | ERROR    | NeuroFocus | VideoThread: ошибка обработки лица: 'list' object has no attribute 'landmark'
08:18:50 | ERROR    | NeuroFocus | VideoThread: ошибка обработки лица: 'list' object has no attribute 'landmark'
08:18:50 | ERROR    | NeuroFocus | VideoThread: ошибка обработки лица: 'list' object has no attribute 'landmark'
08:18:52 | ERROR    | NeuroFocus | VideoThread: ошибка обработки лица: 'list' object has no attribute 'landmark'
08:18:52 | ERROR    | NeuroFocus | VideoThread: ошибка обработки лица: 'list' object has no attribute 'landmark'
08:18:52 | ERROR    | NeuroFocus | VideoThread: ошибка обработки лица: 'list' object has no attribute 'landmark'
08:18:52 | ERROR    | NeuroFocus | VideoThread: ошибка обработки лица: 'list' object has no attribute 'landmark'
08:18:52 | ERROR    | NeuroFocus | VideoThread: ошибка обработки лица: 'list' object has no attribute 'landmark'
08:18:52 | ERROR    | NeuroFocus | VideoThread: ошибка обработки лица: 'list' object has no attribute 'landmark'
08:18:52 | ERROR    | NeuroFocus | VideoThread: ошибка обработки лица: 'list' object has no attribute 'landmark'
08:18:52 | ERROR    | NeuroFocus | VideoThread: ошибка обработки лица: 'list' object has no attribute 'landmark'
08:18:53 | ERROR    | NeuroFocus | VideoThread: ошибка обработки лица: 'list' object has no attribute 'landmark'
08:18:53 | ERROR    | NeuroFocus | VideoThread: ошибка обработки лица: 'list' object has no attribute 'landmark'
08:18:53 | ERROR    | NeuroFocus | VideoThread: ошибка обработки лица: 'list' object has no attribute 'landmark'
08:18:53 | ERROR    | NeuroFocus | VideoThread: ошибка обработки лица: 'list' object has no attribute 'landmark'
08:18:53 | ERROR    | NeuroFocus | VideoThread: ошибка обработки лица: 'list' object has no attribute 'landmark'
08:18:53 | ERROR    | NeuroFocus | VideoThread: ошибка обработки лица: 'list' object has no attribute 'landmark'
08:18:53 | ERROR    | NeuroFocus | VideoThread: ошибка обработки лица: 'list' object has no attribute 'landmark'
08:18:53 | ERROR    | NeuroFocus | VideoThread: ошибка обработки лица: 'list' object has no attribute 'landmark'
08:18:53 | ERROR    | NeuroFocus | VideoThread: ошибка обработки лица: 'list' object has no attribute 'landmark'
08:18:53 | ERROR    | NeuroFocus | VideoThread: ошибка обработки лица: 'list' object has no attribute 'landmark'
08:18:53 | ERROR    | NeuroFocus | VideoThread: ошибка обработки лица: 'list' object has no attribute 'landmark'
08:18:54 | ERROR    | NeuroFocus | VideoThread: ошибка обработки лица: 'list' object has no attribute 'landmark'
08:18:54 | ERROR    | NeuroFocus | VideoThread: ошибка обработки лица: 'list' object has no attribute 'landmark'
08:18:54 | ERROR    | NeuroFocus | VideoThread: ошибка обработки лица: 'list' object has no attribute 'landmark'
08:18:54 | ERROR    | NeuroFocus | VideoThread: ошибка обработки лица: 'list' object has no attribute 'landmark'
08:18:54 | ERROR    | NeuroFocus | VideoThread: ошибка обработки лица: 'list' object has no attribute 'landmark'
08:18:54 | ERROR    | NeuroFocus | VideoThread: ошибка обработки лица: 'list' object has no attribute 'landmark'
08:18:54 | ERROR    | NeuroFocus | VideoThread: ошибка обработки лица: 'list' object has no attribute 'landmark'
08:18:54 | ERROR    | NeuroFocus | VideoThread: ошибка обработки лица: 'list' object has no attribute 'landmark'
08:18:54 | ERROR    | NeuroFocus | VideoThread: ошибка обработки лица: 'list' object has no attribute 'landmark'
08:18:54 | ERROR    | NeuroFocus | VideoThread: ошибка обработки лица: 'list' object has no attribute 'landmark'
08:18:54 | ERROR    | NeuroFocus | VideoThread: ошибка обработки лица: 'list' object has no attribute 'landmark'
08:18:54 | ERROR    | NeuroFocus | VideoThread: ошибка обработки лица: 'list' object has no attribute 'landmark'
08:18:55 | ERROR    | NeuroFocus | VideoThread: ошибка обработки лица: 'list' object has no attribute 'landmark'
08:18:55 | ERROR    | NeuroFocus | VideoThread: ошибка обработки лица: 'list' object has no attribute 'landmark'
08:18:55 | ERROR    | NeuroFocus | VideoThread: ошибка обработки лица: 'list' object has no attribute 'landmark'
08:18:55 | ERROR    | NeuroFocus | VideoThread: ошибка обработки лица: 'list' object has no attribute 'landmark'
08:18:55 | ERROR    | NeuroFocus | VideoThread: ошибка обработки лица: 'list' object has no attribute 'landmark'
08:18:55 | ERROR    | NeuroFocus | VideoThread: ошибка обработки лица: 'list' object has no attribute 'landmark'
08:18:55 | ERROR    | NeuroFocus | VideoThread: ошибка обработки лица: 'list' object has no attribute 'landmark'
08:18:55 | ERROR    | NeuroFocus | VideoThread: ошибка обработки лица: 'list' object has no attribute 'landmark'
08:18:55 | ERROR    | NeuroFocus | VideoThread: ошибка обработки лица: 'list' object has no attribute 'landmark'
08:18:55 | ERROR    | NeuroFocus | VideoThread: ошибка обработки лица: 'list' object has no attribute 'landmark'
08:18:56 | ERROR    | NeuroFocus | VideoThread: ошибка обработки лица: 'list' object has no attribute 'landmark'
08:18:56 | ERROR    | NeuroFocus | VideoThread: ошибка обработки лица: 'list' object has no attribute 'landmark'
08:18:56 | ERROR    | NeuroFocus | VideoThread: ошибка обработки лица: 'list' object has no attribute 'landmark'
08:18:56 | ERROR    | NeuroFocus | VideoThread: ошибка обработки лица: 'list' object has no attribute 'landmark'
08:18:56 | ERROR    | NeuroFocus | VideoThread: ошибка обработки лица: 'list' object has no attribute 'landmark'
08:18:56 | ERROR    | NeuroFocus | VideoThread: ошибка обработки лица: 'list' object has no attribute 'landmark'
08:18:56 | ERROR    | NeuroFocus | VideoThread: ошибка обработки лица: 'list' object has no attribute 'landmark'
08:18:56 | ERROR    | NeuroFocus | VideoThread: ошибка обработки лица: 'list' object has no attribute 'landmark'
08:18:56 | ERROR    | NeuroFocus | VideoThread: ошибка обработки лица: 'list' object has no attribute 'landmark'
08:18:56 | ERROR    | NeuroFocus | VideoThread: ошибка обработки лица: 'list' object has no attribute 'landmark'
08:18:57 | ERROR    | NeuroFocus | VideoThread: ошибка обработки лица: 'list' object has no attribute 'landmark'
08:18:57 | ERROR    | NeuroFocus | VideoThread: ошибка обработки лица: 'list' object has no attribute 'landmark'
08:18:57 | ERROR    | NeuroFocus | VideoThread: ошибка обработки лица: 'list' object has no attribute 'landmark'
08:18:57 | ERROR    | NeuroFocus | VideoThread: ошибка обработки лица: 'list' object has no attribute 'landmark'
08:18:57 | ERROR    | NeuroFocus | VideoThread: ошибка обработки лица: 'list' object has no attribute 'landmark'
08:18:57 | ERROR    | NeuroFocus | VideoThread: ошибка обработки лица: 'list' object has no attribute 'landmark'
08:18:58 | ERROR    | NeuroFocus | VideoThread: ошибка обработки лица: 'list' object has no attribute 'landmark'
08:18:58 | ERROR    | NeuroFocus | VideoThread: ошибка обработки лица: 'list' object has no attribute 'landmark'
08:18:58 | ERROR    | NeuroFocus | VideoThread: ошибка обработки лица: 'list' object has no attribute 'landmark'
08:18:58 | ERROR    | NeuroFocus | VideoThread: ошибка обработки лица: 'list' object has no attribute 'landmark'
08:18:58 | ERROR    | NeuroFocus | VideoThread: ошибка обработки лица: 'list' object has no attribute 'landmark'
08:18:58 | ERROR    | NeuroFocus | VideoThread: ошибка обработки лица: 'list' object has no attribute 'landmark'
08:18:58 | ERROR    | NeuroFocus | VideoThread: ошибка обработки лица: 'list' object has no attribute 'landmark'
08:18:58 | ERROR    | NeuroFocus | VideoThread: ошибка обработки лица: 'list' object has no attribute 'landmark'
08:18:58 | ERROR    | NeuroFocus | VideoThread: ошибка обработки лица: 'list' object has no attribute 'landmark'
08:18:58 | ERROR    | NeuroFocus | VideoThread: ошибка обработки лица: 'list' object has no attribute 'landmark'
08:18:58 | ERROR    | NeuroFocus | VideoThread: ошибка обработки лица: 'list' object has no attribute 'landmark'
08:18:58 | ERROR    | NeuroFocus | VideoThread: ошибка обработки лица: 'list' object has no attribute 'landmark'
08:18:59 | ERROR    | NeuroFocus | VideoThread: ошибка обработки лица: 'list' object has no attribute 'landmark'
08:18:59 | ERROR    | NeuroFocus | VideoThread: ошибка обработки лица: 'list' object has no attribute 'landmark'
08:18:59 | ERROR    | NeuroFocus | VideoThread: ошибка обработки лица: 'list' object has no attribute 'landmark'
08:18:59 | ERROR    | NeuroFocus | VideoThread: ошибка обработки лица: 'list' object has no attribute 'landmark'
08:18:59 | ERROR    | NeuroFocus | VideoThread: ошибка обработки лица: 'list' object has no attribute 'landmark'
08:18:59 | ERROR    | NeuroFocus | VideoThread: ошибка обработки лица: 'list' object has no attribute 'landmark'
08:18:59 | ERROR    | NeuroFocus | VideoThread: ошибка обработки лица: 'list' object has no attribute 'landmark'
08:18:59 | ERROR    | NeuroFocus | VideoThread: ошибка обработки лица: 'list' object has no attribute 'landmark'
08:18:59 | ERROR    | NeuroFocus | VideoThread: ошибка обработки лица: 'list' object has no attribute 'landmark'
08:18:59 | ERROR    | NeuroFocus | VideoThread: ошибка обработки лица: 'list' object has no attribute 'landmark'
08:18:59 | ERROR    | NeuroFocus | VideoThread: ошибка обработки лица: 'list' object has no attribute 'landmark'
08:18:59 | ERROR    | NeuroFocus | VideoThread: ошибка обработки лица: 'list' object has no attribute 'landmark'
08:19:00 | ERROR    | NeuroFocus | VideoThread: ошибка обработки лица: 'list' object has no attribute 'landmark'
08:19:00 | ERROR    | NeuroFocus | VideoThread: ошибка обработки лица: 'list' object has no attribute 'landmark'
08:19:00 | ERROR    | NeuroFocus | VideoThread: ошибка обработки лица: 'list' object has no attribute 'landmark'
08:19:00 | ERROR    | NeuroFocus | VideoThread: ошибка обработки лица: 'list' object has no attribute 'landmark'
08:19:00 | ERROR    | NeuroFocus | VideoThread: ошибка обработки лица: 'list' object has no attribute 'landmark'
08:19:00 | ERROR    | NeuroFocus | VideoThread: ошибка обработки лица: 'list' object has no attribute 'landmark'
08:19:00 | ERROR    | NeuroFocus | VideoThread: ошибка обработки лица: 'list' object has no attribute 'landmark'
08:19:00 | ERROR    | NeuroFocus | VideoThread: ошибка обработки лица: 'list' object has no attribute 'landmark'
08:19:00 | ERROR    | NeuroFocus | VideoThread: ошибка обработки лица: 'list' object has no attribute 'landmark'
08:19:00 | ERROR    | NeuroFocus | VideoThread: ошибка обработки лица: 'list' object has no attribute 'landmark'
08:19:00 | ERROR    | NeuroFocus | VideoThread: ошибка обработки лица: 'list' object has no attribute 'landmark'
08:19:00 | ERROR    | NeuroFocus | VideoThread: ошибка обработки лица: 'list' object has no attribute 'landmark'
08:19:00 | ERROR    | NeuroFocus | VideoThread: ошибка обработки лица: 'list' object has no attribute 'landmark'
08:19:01 | ERROR    | NeuroFocus | VideoThread: ошибка обработки лица: 'list' object has no attribute 'landmark'
08:19:01 | ERROR    | NeuroFocus | VideoThread: ошибка обработки лица: 'list' object has no attribute 'landmark'
08:19:01 | ERROR    | NeuroFocus | VideoThread: ошибка обработки лица: 'list' object has no attribute 'landmark'
08:19:01 | ERROR    | NeuroFocus | VideoThread: ошибка обработки лица: 'list' object has no attribute 'landmark'
08:19:01 | ERROR    | NeuroFocus | VideoThread: ошибка обработки лица: 'list' object has no attribute 'landmark'
08:19:01 | ERROR    | NeuroFocus | VideoThread: ошибка обработки лица: 'list' object has no attribute 'landmark'
08:19:01 | ERROR    | NeuroFocus | VideoThread: ошибка обработки лица: 'list' object has no attribute 'landmark'
08:19:01 | ERROR    | NeuroFocus | VideoThread: ошибка обработки лица: 'list' object has no attribute 'landmark'
08:19:01 | ERROR    | NeuroFocus | VideoThread: ошибка обработки лица: 'list' object has no attribute 'landmark'
08:19:01 | ERROR    | NeuroFocus | VideoThread: ошибка обработки лица: 'list' object has no attribute 'landmark'
08:19:01 | ERROR    | NeuroFocus | VideoThread: ошибка обработки лица: 'list' object has no attribute 'landmark'
08:19:01 | ERROR    | NeuroFocus | VideoThread: ошибка обработки лица: 'list' object has no attribute 'landmark'
08:19:02 | ERROR    | NeuroFocus | VideoThread: ошибка обработки лица: 'list' object has no attribute 'landmark'
08:19:02 | ERROR    | NeuroFocus | VideoThread: ошибка обработки лица: 'list' object has no attribute 'landmark'
08:19:02 | ERROR    | NeuroFocus | VideoThread: ошибка обработки лица: 'list' object has no attribute 'landmark'
08:19:02 | ERROR    | NeuroFocus | VideoThread: ошибка обработки лица: 'list' object has no attribute 'landmark'
08:19:02 | ERROR    | NeuroFocus | VideoThread: ошибка обработки лица: 'list' object has no attribute 'landmark'
08:19:02 | ERROR    | NeuroFocus | VideoThread: ошибка обработки лица: 'list' object has no attribute 'landmark'
08:19:02 | ERROR    | NeuroFocus | VideoThread: ошибка обработки лица: 'list' object has no attribute 'landmark'
08:19:02 | ERROR    | NeuroFocus | VideoThread: ошибка обработки лица: 'list' object has no attribute 'landmark'
08:19:02 | ERROR    | NeuroFocus | VideoThread: ошибка обработки лица: 'list' object has no attribute 'landmark'
08:19:02 | ERROR    | NeuroFocus | VideoThread: ошибка обработки лица: 'list' object has no attribute 'landmark'
08:19:02 | ERROR    | NeuroFocus | VideoThread: ошибка обработки лица: 'list' object has no attribute 'landmark'
08:19:02 | ERROR    | NeuroFocus | VideoThread: ошибка обработки лица: 'list' object has no attribute 'landmark'
08:19:03 | ERROR    | NeuroFocus | VideoThread: ошибка обработки лица: 'list' object has no attribute 'landmark'
08:19:03 | ERROR    | NeuroFocus | VideoThread: ошибка обработки лица: 'list' object has no attribute 'landmark'
08:19:03 | ERROR    | NeuroFocus | VideoThread: ошибка обработки лица: 'list' object has no attribute 'landmark'
08:19:03 | ERROR    | NeuroFocus | VideoThread: ошибка обработки лица: 'list' object has no attribute 'landmark'
08:19:03 | ERROR    | NeuroFocus | VideoThread: ошибка обработки лица: 'list' object has no attribute 'landmark'
08:19:03 | ERROR    | NeuroFocus | VideoThread: ошибка обработки лица: 'list' object has no attribute 'landmark'
08:19:03 | ERROR    | NeuroFocus | VideoThread: ошибка обработки лица: 'list' object has no attribute 'landmark'
08:19:03 | ERROR    | NeuroFocus | VideoThread: ошибка обработки лица: 'list' object has no attribute 'landmark'
08:19:03 | ERROR    | NeuroFocus | VideoThread: ошибка обработки лица: 'list' object has no attribute 'landmark'
08:19:03 | ERROR    | NeuroFocus | VideoThread: ошибка обработки лица: 'list' object has no attribute 'landmark'
08:19:03 | ERROR    | NeuroFocus | VideoThread: ошибка обработки лица: 'list' object has no attribute 'landmark'
08:19:03 | ERROR    | NeuroFocus | VideoThread: ошибка обработки лица: 'list' object has no attribute 'landmark'
08:19:03 | ERROR    | NeuroFocus | VideoThread: ошибка обработки лица: 'list' object has no attribute 'landmark'
08:19:04 | ERROR    | NeuroFocus | VideoThread: ошибка обработки лица: 'list' object has no attribute 'landmark'
08:19:04 | ERROR    | NeuroFocus | VideoThread: ошибка обработки лица: 'list' object has no attribute 'landmark'
08:19:04 | ERROR    | NeuroFocus | VideoThread: ошибка обработки лица: 'list' object has no attribute 'landmark'
08:19:04 | ERROR    | NeuroFocus | VideoThread: ошибка обработки лица: 'list' object has no attribute 'landmark'
08:19:04 | ERROR    | NeuroFocus | VideoThread: ошибка обработки лица: 'list' object has no attribute 'landmark'
08:19:04 | ERROR    | NeuroFocus | VideoThread: ошибка обработки лица: 'list' object has no attribute 'landmark'
08:19:04 | ERROR    | NeuroFocus | VideoThread: ошибка обработки лица: 'list' object has no attribute 'landmark'
08:19:04 | ERROR    | NeuroFocus | VideoThread: ошибка обработки лица: 'list' object has no attribute 'landmark'
08:19:04 | ERROR    | NeuroFocus | VideoThread: ошибка обработки лица: 'list' object has no attribute 'landmark'
08:19:04 | ERROR    | NeuroFocus | VideoThread: ошибка обработки лица: 'list' object has no attribute 'landmark'
08:19:04 | ERROR    | NeuroFocus | VideoThread: ошибка обработки лица: 'list' object has no attribute 'landmark'
08:19:04 | ERROR    | NeuroFocus | VideoThread: ошибка обработки лица: 'list' object has no attribute 'landmark'
08:19:05 | ERROR    | NeuroFocus | VideoThread: ошибка обработки лица: 'list' object has no attribute 'landmark'
08:19:05 | ERROR    | NeuroFocus | VideoThread: ошибка обработки лица: 'list' object has no attribute 'landmark'
08:19:05 | ERROR    | NeuroFocus | VideoThread: ошибка обработки лица: 'list' object has no attribute 'landmark'
08:19:05 | ERROR    | NeuroFocus | VideoThread: ошибка обработки лица: 'list' object has no attribute 'landmark'
08:19:05 | ERROR    | NeuroFocus | VideoThread: ошибка обработки лица: 'list' object has no attribute 'landmark'
08:19:05 | ERROR    | NeuroFocus | VideoThread: ошибка обработки лица: 'list' object has no attribute 'landmark'
08:19:05 | ERROR    | NeuroFocus | VideoThread: ошибка обработки лица: 'list' object has no attribute 'landmark'
08:19:05 | ERROR    | NeuroFocus | VideoThread: ошибка обработки лица: 'list' object has no attribute 'landmark'
08:19:05 | ERROR    | NeuroFocus | VideoThread: ошибка обработки лица: 'list' object has no attribute 'landmark'
08:19:05 | ERROR    | NeuroFocus | VideoThread: ошибка обработки лица: 'list' object has no attribute 'landmark'
08:19:05 | ERROR    | NeuroFocus | VideoThread: ошибка обработки лица: 'list' object has no attribute 'landmark'
08:19:06 | ERROR    | NeuroFocus | VideoThread: ошибка обработки лица: 'list' object has no attribute 'landmark'
08:19:06 | ERROR    | NeuroFocus | VideoThread: ошибка обработки лица: 'list' object has no attribute 'landmark'
08:19:06 | ERROR    | NeuroFocus | VideoThread: ошибка обработки лица: 'list' object has no attribute 'landmark'
08:19:06 | ERROR    | NeuroFocus | VideoThread: ошибка обработки лица: 'list' object has no attribute 'landmark'
08:19:06 | ERROR    | NeuroFocus | VideoThread: ошибка обработки лица: 'list' object has no attribute 'landmark'
08:19:06 | ERROR    | NeuroFocus | VideoThread: ошибка обработки лица: 'list' object has no attribute 'landmark'
08:19:06 | ERROR    | NeuroFocus | VideoThread: ошибка обработки лица: 'list' object has no attribute 'landmark'
08:19:06 | ERROR    | NeuroFocus | VideoThread: ошибка обработки лица: 'list' object has no attribute 'landmark'
08:19:06 | ERROR    | NeuroFocus | VideoThread: ошибка обработки лица: 'list' object has no attribute 'landmark'
08:19:06 | ERROR    | NeuroFocus | VideoThread: ошибка обработки лица: 'list' object has no attribute 'landmark'
08:19:06 | ERROR    | NeuroFocus | VideoThread: ошибка обработки лица: 'list' object has no attribute 'landmark'
08:19:06 | ERROR    | NeuroFocus | VideoThread: ошибка обработки лица: 'list' object has no attribute 'landmark'
08:19:07 | ERROR    | NeuroFocus | VideoThread: ошибка обработки лица: 'list' object has no attribute 'landmark'
08:19:07 | ERROR    | NeuroFocus | VideoThread: ошибка обработки лица: 'list' object has no attribute 'landmark'
08:19:07 | ERROR    | NeuroFocus | VideoThread: ошибка обработки лица: 'list' object has no attribute 'landmark'
08:19:07 | ERROR    | NeuroFocus | VideoThread: ошибка обработки лица: 'list' object has no attribute 'landmark'
08:19:07 | ERROR    | NeuroFocus | VideoThread: ошибка обработки лица: 'list' object has no attribute 'landmark'
08:19:07 | ERROR    | NeuroFocus | VideoThread: ошибка обработки лица: 'list' object has no attribute 'landmark'
08:19:07 | ERROR    | NeuroFocus | VideoThread: ошибка обработки лица: 'list' object has no attribute 'landmark'
08:19:07 | ERROR    | NeuroFocus | VideoThread: ошибка обработки лица: 'list' object has no attribute 'landmark'
08:19:07 | ERROR    | NeuroFocus | VideoThread: ошибка обработки лица: 'list' object has no attribute 'landmark'
08:19:07 | ERROR    | NeuroFocus | VideoThread: ошибка обработки лица: 'list' object has no attribute 'landmark'
08:19:07 | ERROR    | NeuroFocus | VideoThread: ошибка обработки лица: 'list' object has no attribute 'landmark'
08:19:07 | ERROR    | NeuroFocus | VideoThread: ошибка обработки лица: 'list' object has no attribute 'landmark'
08:19:08 | ERROR    | NeuroFocus | VideoThread: ошибка обработки лица: 'list' object has no attribute 'landmark'
08:19:08 | ERROR    | NeuroFocus | VideoThread: ошибка обработки лица: 'list' object has no attribute 'landmark'
08:19:08 | ERROR    | NeuroFocus | VideoThread: ошибка обработки лица: 'list' object has no attribute 'landmark'
08:19:08 | ERROR    | NeuroFocus | VideoThread: ошибка обработки лица: 'list' object has no attribute 'landmark'
08:19:08 | ERROR    | NeuroFocus | VideoThread: ошибка обработки лица: 'list' object has no attribute 'landmark'
08:19:08 | ERROR    | NeuroFocus | VideoThread: ошибка обработки лица: 'list' object has no attribute 'landmark'
08:19:08 | ERROR    | NeuroFocus | VideoThread: ошибка обработки лица: 'list' object has no attribute 'landmark'
08:19:08 | ERROR    | NeuroFocus | VideoThread: ошибка обработки лица: 'list' object has no attribute 'landmark'
08:19:08 | ERROR    | NeuroFocus | VideoThread: ошибка обработки лица: 'list' object has no attribute 'landmark'
08:19:09 | ERROR    | NeuroFocus | VideoThread: ошибка обработки лица: 'list' object has no attribute 'landmark'
08:19:09 | ERROR    | NeuroFocus | VideoThread: ошибка обработки лица: 'list' object has no attribute 'landmark'
08:19:09 | ERROR    | NeuroFocus | VideoThread: ошибка обработки лица: 'list' object has no attribute 'landmark'
08:19:09 | ERROR    | NeuroFocus | VideoThread: ошибка обработки лица: 'list' object has no attribute 'landmark'
08:19:09 | ERROR    | NeuroFocus | VideoThread: ошибка обработки лица: 'list' object has no attribute 'landmark'
08:19:09 | ERROR    | NeuroFocus | VideoThread: ошибка обработки лица: 'list' object has no attribute 'landmark'
08:19:09 | ERROR    | NeuroFocus | VideoThread: ошибка обработки лица: 'list' object has no attribute 'landmark'
08:19:09 | ERROR    | NeuroFocus | VideoThread: ошибка обработки лица: 'list' object has no attribute 'landmark'
08:19:09 | ERROR    | NeuroFocus | VideoThread: ошибка обработки лица: 'list' object has no attribute 'landmark'
08:19:09 | ERROR    | NeuroFocus | VideoThread: ошибка обработки лица: 'list' object has no attribute 'landmark'
08:19:09 | ERROR    | NeuroFocus | VideoThread: ошибка обработки лица: 'list' object has no attribute 'landmark'
08:19:09 | ERROR    | NeuroFocus | VideoThread: ошибка обработки лица: 'list' object has no attribute 'landmark'
08:19:09 | ERROR    | NeuroFocus | VideoThread: ошибка обработки лица: 'list' object has no attribute 'landmark'
08:19:10 | ERROR    | NeuroFocus | VideoThread: ошибка обработки лица: 'list' object has no attribute 'landmark'
08:19:10 | ERROR    | NeuroFocus | VideoThread: ошибка обработки лица: 'list' object has no attribute 'landmark'
08:19:10 | ERROR    | NeuroFocus | VideoThread: ошибка обработки лица: 'list' object has no attribute 'landmark'
08:19:10 | ERROR    | NeuroFocus | VideoThread: ошибка обработки лица: 'list' object has no attribute 'landmark'
08:19:10 | ERROR    | NeuroFocus | VideoThread: ошибка обработки лица: 'list' object has no attribute 'landmark'
08:19:10 | ERROR    | NeuroFocus | VideoThread: ошибка обработки лица: 'list' object has no attribute 'landmark'
08:19:10 | ERROR    | NeuroFocus | VideoThread: ошибка обработки лица: 'list' object has no attribute 'landmark'
08:19:10 | ERROR    | NeuroFocus | VideoThread: ошибка обработки лица: 'list' object has no attribute 'landmark'
08:19:10 | ERROR    | NeuroFocus | VideoThread: ошибка обработки лица: 'list' object has no attribute 'landmark'
08:19:10 | ERROR    | NeuroFocus | VideoThread: ошибка обработки лица: 'list' object has no attribute 'landmark'
08:19:10 | ERROR    | NeuroFocus | VideoThread: ошибка обработки лица: 'list' object has no attribute 'landmark'
08:19:10 | ERROR    | NeuroFocus | VideoThread: ошибка обработки лица: 'list' object has no attribute 'landmark'
08:19:11 | ERROR    | NeuroFocus | VideoThread: ошибка обработки лица: 'list' object has no attribute 'landmark'
08:19:11 | ERROR    | NeuroFocus | VideoThread: ошибка обработки лица: 'list' object has no attribute 'landmark'
08:19:11 | ERROR    | NeuroFocus | VideoThread: ошибка обработки лица: 'list' object has no attribute 'landmark'
08:19:11 | ERROR    | NeuroFocus | VideoThread: ошибка обработки лица: 'list' object has no attribute 'landmark'
08:19:11 | ERROR    | NeuroFocus | VideoThread: ошибка обработки лица: 'list' object has no attribute 'landmark'
08:19:11 | ERROR    | NeuroFocus | VideoThread: ошибка обработки лица: 'list' object has no attribute 'landmark'
08:19:11 | ERROR    | NeuroFocus | VideoThread: ошибка обработки лица: 'list' object has no attribute 'landmark'
08:19:11 | ERROR    | NeuroFocus | VideoThread: ошибка обработки лица: 'list' object has no attribute 'landmark'
08:19:11 | ERROR    | NeuroFocus | VideoThread: ошибка обработки лица: 'list' object has no attribute 'landmark'
08:19:11 | ERROR    | NeuroFocus | VideoThread: ошибка обработки лица: 'list' object has no attribute 'landmark'
08:19:11 | ERROR    | NeuroFocus | VideoThread: ошибка обработки лица: 'list' object has no attribute 'landmark'
08:19:11 | ERROR    | NeuroFocus | VideoThread: ошибка обработки лица: 'list' object has no attribute 'landmark'
08:19:12 | ERROR    | NeuroFocus | VideoThread: ошибка обработки лица: 'list' object has no attribute 'landmark'
08:19:12 | ERROR    | NeuroFocus | VideoThread: ошибка обработки лица: 'list' object has no attribute 'landmark'
08:19:12 | ERROR    | NeuroFocus | VideoThread: ошибка обработки лица: 'list' object has no attribute 'landmark'
08:19:12 | ERROR    | NeuroFocus | VideoThread: ошибка обработки лица: 'list' object has no attribute 'landmark'
08:19:12 | ERROR    | NeuroFocus | VideoThread: ошибка обработки лица: 'list' object has no attribute 'landmark'
08:19:12 | ERROR    | NeuroFocus | VideoThread: ошибка обработки лица: 'list' object has no attribute 'landmark'
08:19:12 | ERROR    | NeuroFocus | VideoThread: ошибка обработки лица: 'list' object has no attribute 'landmark'
08:19:12 | ERROR    | NeuroFocus | VideoThread: ошибка обработки лица: 'list' object has no attribute 'landmark'
08:19:12 | ERROR    | NeuroFocus | VideoThread: ошибка обработки лица: 'list' object has no attribute 'landmark'
08:19:12 | ERROR    | NeuroFocus | VideoThread: ошибка обработки лица: 'list' object has no attribute 'landmark'
08:19:12 | ERROR    | NeuroFocus | VideoThread: ошибка обработки лица: 'list' object has no attribute 'landmark'
08:19:12 | ERROR    | NeuroFocus | VideoThread: ошибка обработки лица: 'list' object has no attribute 'landmark'
08:19:12 | ERROR    | NeuroFocus | VideoThread: ошибка обработки лица: 'list' object has no attribute 'landmark'
08:19:13 | ERROR    | NeuroFocus | VideoThread: ошибка обработки лица: 'list' object has no attribute 'landmark'
08:19:13 | ERROR    | NeuroFocus | VideoThread: ошибка обработки лица: 'list' object has no attribute 'landmark'
08:19:13 | ERROR    | NeuroFocus | VideoThread: ошибка обработки лица: 'list' object has no attribute 'landmark'
08:19:13 | ERROR    | NeuroFocus | VideoThread: ошибка обработки лица: 'list' object has no attribute 'landmark'
08:19:13 | ERROR    | NeuroFocus | VideoThread: ошибка обработки лица: 'list' object has no attribute 'landmark'
08:19:13 | ERROR    | NeuroFocus | VideoThread: ошибка обработки лица: 'list' object has no attribute 'landmark'
08:19:13 | ERROR    | NeuroFocus | VideoThread: ошибка обработки лица: 'list' object has no attribute 'landmark'
08:19:13 | ERROR    | NeuroFocus | VideoThread: ошибка обработки лица: 'list' object has no attribute 'landmark'
08:19:13 | ERROR    | NeuroFocus | VideoThread: ошибка обработки лица: 'list' object has no attribute 'landmark'
08:19:13 | ERROR    | NeuroFocus | VideoThread: ошибка обработки лица: 'list' object has no attribute 'landmark'
08:19:14 | ERROR    | NeuroFocus | VideoThread: ошибка обработки лица: 'list' object has no attribute 'landmark'
08:19:14 | ERROR    | NeuroFocus | VideoThread: ошибка обработки лица: 'list' object has no attribute 'landmark'
08:19:14 | ERROR    | NeuroFocus | VideoThread: ошибка обработки лица: 'list' object has no attribute 'landmark'
08:19:14 | ERROR    | NeuroFocus | VideoThread: ошибка обработки лица: 'list' object has no attribute 'landmark'
08:19:14 | ERROR    | NeuroFocus | VideoThread: ошибка обработки лица: 'list' object has no attribute 'landmark'
08:19:14 | ERROR    | NeuroFocus | VideoThread: ошибка обработки лица: 'list' object has no attribute 'landmark'
08:19:14 | ERROR    | NeuroFocus | VideoThread: ошибка обработки лица: 'list' object has no attribute 'landmark'
08:19:14 | ERROR    | NeuroFocus | VideoThread: ошибка обработки лица: 'list' object has no attribute 'landmark'
08:19:14 | ERROR    | NeuroFocus | VideoThread: ошибка обработки лица: 'list' object has no attribute 'landmark'
08:19:14 | ERROR    | NeuroFocus | VideoThread: ошибка обработки лица: 'list' object has no attribute 'landmark'
08:19:14 | ERROR    | NeuroFocus | VideoThread: ошибка обработки лица: 'list' object has no attribute 'landmark'
08:19:14 | ERROR    | NeuroFocus | VideoThread: ошибка обработки лица: 'list' object has no attribute 'landmark'
08:19:14 | ERROR    | NeuroFocus | VideoThread: ошибка обработки лица: 'list' object has no attribute 'landmark'
08:19:15 | ERROR    | NeuroFocus | VideoThread: ошибка обработки лица: 'list' object has no attribute 'landmark'
08:19:15 | ERROR    | NeuroFocus | VideoThread: ошибка обработки лица: 'list' object has no attribute 'landmark'
08:19:15 | ERROR    | NeuroFocus | VideoThread: ошибка обработки лица: 'list' object has no attribute 'landmark'
08:19:15 | ERROR    | NeuroFocus | VideoThread: ошибка обработки лица: 'list' object has no attribute 'landmark'
08:19:15 | ERROR    | NeuroFocus | VideoThread: ошибка обработки лица: 'list' object has no attribute 'landmark'
08:19:15 | ERROR    | NeuroFocus | VideoThread: ошибка обработки лица: 'list' object has no attribute 'landmark'
08:19:15 | ERROR    | NeuroFocus | VideoThread: ошибка обработки лица: 'list' object has no attribute 'landmark'
08:19:15 | ERROR    | NeuroFocus | VideoThread: ошибка обработки лица: 'list' object has no attribute 'landmark'
08:19:15 | ERROR    | NeuroFocus | VideoThread: ошибка обработки лица: 'list' object has no attribute 'landmark'
08:19:15 | ERROR    | NeuroFocus | VideoThread: ошибка обработки лица: 'list' object has no attribute 'landmark'
08:19:15 | ERROR    | NeuroFocus | VideoThread: ошибка обработки лица: 'list' object has no attribute 'landmark'
08:19:15 | ERROR    | NeuroFocus | VideoThread: ошибка обработки лица: 'list' object has no attribute 'landmark'
08:19:16 | ERROR    | NeuroFocus | VideoThread: ошибка обработки лица: 'list' object has no attribute 'landmark'
08:19:16 | ERROR    | NeuroFocus | VideoThread: ошибка обработки лица: 'list' object has no attribute 'landmark'
08:19:16 | ERROR    | NeuroFocus | VideoThread: ошибка обработки лица: 'list' object has no attribute 'landmark'
08:19:16 | ERROR    | NeuroFocus | VideoThread: ошибка обработки лица: 'list' object has no attribute 'landmark'
08:19:16 | ERROR    | NeuroFocus | VideoThread: ошибка обработки лица: 'list' object has no attribute 'landmark'
08:19:16 | ERROR    | NeuroFocus | VideoThread: ошибка обработки лица: 'list' object has no attribute 'landmark'
08:19:16 | ERROR    | NeuroFocus | VideoThread: ошибка обработки лица: 'list' object has no attribute 'landmark'
08:19:16 | ERROR    | NeuroFocus | VideoThread: ошибка обработки лица: 'list' object has no attribute 'landmark'
08:19:16 | ERROR    | NeuroFocus | VideoThread: ошибка обработки лица: 'list' object has no attribute 'landmark'
08:19:16 | ERROR    | NeuroFocus | VideoThread: ошибка обработки лица: 'list' object has no attribute 'landmark'
08:19:16 | ERROR    | NeuroFocus | VideoThread: ошибка обработки лица: 'list' object has no attribute 'landmark'
08:19:16 | ERROR    | NeuroFocus | VideoThread: ошибка обработки лица: 'list' object has no attribute 'landmark'
08:19:17 | ERROR    | NeuroFocus | VideoThread: ошибка обработки лица: 'list' object has no attribute 'landmark'
08:19:17 | ERROR    | NeuroFocus | VideoThread: ошибка обработки лица: 'list' object has no attribute 'landmark'
08:19:17 | ERROR    | NeuroFocus | VideoThread: ошибка обработки лица: 'list' object has no attribute 'landmark'
08:19:17 | ERROR    | NeuroFocus | VideoThread: ошибка обработки лица: 'list' object has no attribute 'landmark'
08:19:17 | ERROR    | NeuroFocus | VideoThread: ошибка обработки лица: 'list' object has no attribute 'landmark'
08:19:17 | ERROR    | NeuroFocus | VideoThread: ошибка обработки лица: 'list' object has no attribute 'landmark'
08:19:17 | ERROR    | NeuroFocus | VideoThread: ошибка обработки лица: 'list' object has no attribute 'landmark'
08:19:17 | ERROR    | NeuroFocus | VideoThread: ошибка обработки лица: 'list' object has no attribute 'landmark'
08:19:17 | ERROR    | NeuroFocus | VideoThread: ошибка обработки лица: 'list' object has no attribute 'landmark'
08:19:17 | ERROR    | NeuroFocus | VideoThread: ошибка обработки лица: 'list' object has no attribute 'landmark'
08:19:17 | ERROR    | NeuroFocus | VideoThread: ошибка обработки лица: 'list' object has no attribute 'landmark'
08:19:17 | ERROR    | NeuroFocus | VideoThread: ошибка обработки лица: 'list' object has no attribute 'landmark'
08:19:18 | ERROR    | NeuroFocus | VideoThread: ошибка обработки лица: 'list' object has no attribute 'landmark'
08:19:18 | ERROR    | NeuroFocus | VideoThread: ошибка обработки лица: 'list' object has no attribute 'landmark'
08:19:18 | ERROR    | NeuroFocus | VideoThread: ошибка обработки лица: 'list' object has no attribute 'landmark'
08:19:18 | ERROR    | NeuroFocus | VideoThread: ошибка обработки лица: 'list' object has no attribute 'landmark'
08:19:18 | ERROR    | NeuroFocus | VideoThread: ошибка обработки лица: 'list' object has no attribute 'landmark'
08:19:18 | ERROR    | NeuroFocus | VideoThread: ошибка обработки лица: 'list' object has no attribute 'landmark'
08:19:18 | ERROR    | NeuroFocus | VideoThread: ошибка обработки лица: 'list' object has no attribute 'landmark'
08:19:18 | ERROR    | NeuroFocus | VideoThread: ошибка обработки лица: 'list' object has no attribute 'landmark'
08:19:18 | ERROR    | NeuroFocus | VideoThread: ошибка обработки лица: 'list' object has no attribute 'landmark'
08:19:18 | ERROR    | NeuroFocus | VideoThread: ошибка обработки лица: 'list' object has no attribute 'landmark'
08:19:18 | ERROR    | NeuroFocus | VideoThread: ошибка обработки лица: 'list' object has no attribute 'landmark'
08:19:18 | ERROR    | NeuroFocus | VideoThread: ошибка обработки лица: 'list' object has no attribute 'landmark'
08:19:18 | ERROR    | NeuroFocus | VideoThread: ошибка обработки лица: 'list' object has no attribute 'landmark'
08:19:19 | ERROR    | NeuroFocus | VideoThread: ошибка обработки лица: 'list' object has no attribute 'landmark'
08:19:19 | ERROR    | NeuroFocus | VideoThread: ошибка обработки лица: 'list' object has no attribute 'landmark'
08:19:19 | ERROR    | NeuroFocus | VideoThread: ошибка обработки лица: 'list' object has no attribute 'landmark'
08:19:19 | ERROR    | NeuroFocus | VideoThread: ошибка обработки лица: 'list' object has no attribute 'landmark'
08:19:19 | ERROR    | NeuroFocus | VideoThread: ошибка обработки лица: 'list' object has no attribute 'landmark'
08:19:19 | ERROR    | NeuroFocus | VideoThread: ошибка обработки лица: 'list' object has no attribute 'landmark'
08:19:19 | ERROR    | NeuroFocus | VideoThread: ошибка обработки лица: 'list' object has no attribute 'landmark'
08:19:19 | ERROR    | NeuroFocus | VideoThread: ошибка обработки лица: 'list' object has no attribute 'landmark'
08:19:19 | ERROR    | NeuroFocus | VideoThread: ошибка обработки лица: 'list' object has no attribute 'landmark'
08:19:19 | ERROR    | NeuroFocus | VideoThread: ошибка обработки лица: 'list' object has no attribute 'landmark'
08:19:19 | ERROR    | NeuroFocus | VideoThread: ошибка обработки лица: 'list' object has no attribute 'landmark'
08:19:19 | ERROR    | NeuroFocus | VideoThread: ошибка обработки лица: 'list' object has no attribute 'landmark'
08:19:20 | ERROR    | NeuroFocus | VideoThread: ошибка обработки лица: 'list' object has no attribute 'landmark'
08:19:20 | ERROR    | NeuroFocus | VideoThread: ошибка обработки лица: 'list' object has no attribute 'landmark'
08:19:20 | ERROR    | NeuroFocus | VideoThread: ошибка обработки лица: 'list' object has no attribute 'landmark'
08:19:20 | ERROR    | NeuroFocus | VideoThread: ошибка обработки лица: 'list' object has no attribute 'landmark'
08:19:20 | ERROR    | NeuroFocus | VideoThread: ошибка обработки лица: 'list' object has no attribute 'landmark'
08:19:20 | ERROR    | NeuroFocus | VideoThread: ошибка обработки лица: 'list' object has no attribute 'landmark'
08:19:20 | ERROR    | NeuroFocus | VideoThread: ошибка обработки лица: 'list' object has no attribute 'landmark'
08:19:20 | ERROR    | NeuroFocus | VideoThread: ошибка обработки лица: 'list' object has no attribute 'landmark'
08:19:20 | ERROR    | NeuroFocus | VideoThread: ошибка обработки лица: 'list' object has no attribute 'landmark'
08:19:20 | ERROR    | NeuroFocus | VideoThread: ошибка обработки лица: 'list' object has no attribute 'landmark'
08:19:21 | ERROR    | NeuroFocus | VideoThread: ошибка обработки лица: 'list' object has no attribute 'landmark'
08:19:21 | ERROR    | NeuroFocus | VideoThread: ошибка обработки лица: 'list' object has no attribute 'landmark'
08:19:21 | ERROR    | NeuroFocus | VideoThread: ошибка обработки лица: 'list' object has no attribute 'landmark'
08:19:21 | ERROR    | NeuroFocus | VideoThread: ошибка обработки лица: 'list' object has no attribute 'landmark'
08:19:21 | ERROR    | NeuroFocus | VideoThread: ошибка обработки лица: 'list' object has no attribute 'landmark'
08:19:21 | ERROR    | NeuroFocus | VideoThread: ошибка обработки лица: 'list' object has no attribute 'landmark'
08:19:21 | ERROR    | NeuroFocus | VideoThread: ошибка обработки лица: 'list' object has no attribute 'landmark'
08:19:21 | ERROR    | NeuroFocus | VideoThread: ошибка обработки лица: 'list' object has no attribute 'landmark'
08:19:21 | ERROR    | NeuroFocus | VideoThread: ошибка обработки лица: 'list' object has no attribute 'landmark'
08:19:21 | ERROR    | NeuroFocus | VideoThread: ошибка обработки лица: 'list' object has no attribute 'landmark'
08:19:21 | ERROR    | NeuroFocus | VideoThread: ошибка обработки лица: 'list' object has no attribute 'landmark'
08:19:21 | ERROR    | NeuroFocus | VideoThread: ошибка обработки лица: 'list' object has no attribute 'landmark'
08:19:21 | ERROR    | NeuroFocus | VideoThread: ошибка обработки лица: 'list' object has no attribute 'landmark'
08:19:22 | ERROR    | NeuroFocus | VideoThread: ошибка обработки лица: 'list' object has no attribute 'landmark'
08:19:22 | ERROR    | NeuroFocus | VideoThread: ошибка обработки лица: 'list' object has no attribute 'landmark'
08:19:22 | ERROR    | NeuroFocus | VideoThread: ошибка обработки лица: 'list' object has no attribute 'landmark'
08:19:22 | ERROR    | NeuroFocus | VideoThread: ошибка обработки лица: 'list' object has no attribute 'landmark'
08:19:22 | ERROR    | NeuroFocus | VideoThread: ошибка обработки лица: 'list' object has no attribute 'landmark'
08:19:22 | ERROR    | NeuroFocus | VideoThread: ошибка обработки лица: 'list' object has no attribute 'landmark'
08:19:22 | ERROR    | NeuroFocus | VideoThread: ошибка обработки лица: 'list' object has no attribute 'landmark'
08:19:22 | ERROR    | NeuroFocus | VideoThread: ошибка обработки лица: 'list' object has no attribute 'landmark'
08:19:22 | ERROR    | NeuroFocus | VideoThread: ошибка обработки лица: 'list' object has no attribute 'landmark'
08:19:22 | ERROR    | NeuroFocus | VideoThread: ошибка обработки лица: 'list' object has no attribute 'landmark'
08:19:22 | ERROR    | NeuroFocus | VideoThread: ошибка обработки лица: 'list' object has no attribute 'landmark'
08:19:22 | ERROR    | NeuroFocus | VideoThread: ошибка обработки лица: 'list' object has no attribute 'landmark'
08:19:23 | ERROR    | NeuroFocus | VideoThread: ошибка обработки лица: 'list' object has no attribute 'landmark'
08:19:23 | ERROR    | NeuroFocus | VideoThread: ошибка обработки лица: 'list' object has no attribute 'landmark'
08:19:23 | ERROR    | NeuroFocus | VideoThread: ошибка обработки лица: 'list' object has no attribute 'landmark'
08:19:23 | ERROR    | NeuroFocus | VideoThread: ошибка обработки лица: 'list' object has no attribute 'landmark'
08:19:23 | ERROR    | NeuroFocus | VideoThread: ошибка обработки лица: 'list' object has no attribute 'landmark'
08:19:23 | ERROR    | NeuroFocus | VideoThread: ошибка обработки лица: 'list' object has no attribute 'landmark'
08:19:23 | ERROR    | NeuroFocus | VideoThread: ошибка обработки лица: 'list' object has no attribute 'landmark'
08:19:23 | ERROR    | NeuroFocus | VideoThread: ошибка обработки лица: 'list' object has no attribute 'landmark'
08:19:23 | ERROR    | NeuroFocus | VideoThread: ошибка обработки лица: 'list' object has no attribute 'landmark'
08:19:23 | ERROR    | NeuroFocus | VideoThread: ошибка обработки лица: 'list' object has no attribute 'landmark'
08:19:23 | ERROR    | NeuroFocus | VideoThread: ошибка обработки лица: 'list' object has no attribute 'landmark'
08:19:23 | ERROR    | NeuroFocus | VideoThread: ошибка обработки лица: 'list' object has no attribute 'landmark'
08:19:24 | ERROR    | NeuroFocus | VideoThread: ошибка обработки лица: 'list' object has no attribute 'landmark'
08:19:24 | ERROR    | NeuroFocus | VideoThread: ошибка обработки лица: 'list' object has no attribute 'landmark'
08:19:24 | ERROR    | NeuroFocus | VideoThread: ошибка обработки лица: 'list' object has no attribute 'landmark'
08:19:24 | ERROR    | NeuroFocus | VideoThread: ошибка обработки лица: 'list' object has no attribute 'landmark'
08:19:24 | ERROR    | NeuroFocus | VideoThread: ошибка обработки лица: 'list' object has no attribute 'landmark'
08:19:24 | ERROR    | NeuroFocus | VideoThread: ошибка обработки лица: 'list' object has no attribute 'landmark'
08:19:24 | ERROR    | NeuroFocus | VideoThread: ошибка обработки лица: 'list' object has no attribute 'landmark'
08:19:24 | ERROR    | NeuroFocus | VideoThread: ошибка обработки лица: 'list' object has no attribute 'landmark'
08:19:24 | ERROR    | NeuroFocus | VideoThread: ошибка обработки лица: 'list' object has no attribute 'landmark'
08:19:24 | ERROR    | NeuroFocus | VideoThread: ошибка обработки лица: 'list' object has no attribute 'landmark'
08:19:24 | ERROR    | NeuroFocus | VideoThread: ошибка обработки лица: 'list' object has no attribute 'landmark'
08:19:24 | ERROR    | NeuroFocus | VideoThread: ошибка обработки лица: 'list' object has no attribute 'landmark'
08:19:25 | ERROR    | NeuroFocus | VideoThread: ошибка обработки лица: 'list' object has no attribute 'landmark'
08:19:25 | ERROR    | NeuroFocus | VideoThread: ошибка обработки лица: 'list' object has no attribute 'landmark'
08:19:25 | ERROR    | NeuroFocus | VideoThread: ошибка обработки лица: 'list' object has no attribute 'landmark'
08:19:25 | ERROR    | NeuroFocus | VideoThread: ошибка обработки лица: 'list' object has no attribute 'landmark'
08:19:25 | ERROR    | NeuroFocus | VideoThread: ошибка обработки лица: 'list' object has no attribute 'landmark'
08:19:25 | ERROR    | NeuroFocus | VideoThread: ошибка обработки лица: 'list' object has no attribute 'landmark'
08:19:25 | ERROR    | NeuroFocus | VideoThread: ошибка обработки лица: 'list' object has no attribute 'landmark'
08:19:25 | ERROR    | NeuroFocus | VideoThread: ошибка обработки лица: 'list' object has no attribute 'landmark'
08:19:25 | ERROR    | NeuroFocus | VideoThread: ошибка обработки лица: 'list' object has no attribute 'landmark'
08:19:25 | ERROR    | NeuroFocus | VideoThread: ошибка обработки лица: 'list' object has no attribute 'landmark'
08:19:25 | ERROR    | NeuroFocus | VideoThread: ошибка обработки лица: 'list' object has no attribute 'landmark'
08:19:25 | ERROR    | NeuroFocus | VideoThread: ошибка обработки лица: 'list' object has no attribute 'landmark'
08:19:26 | ERROR    | NeuroFocus | VideoThread: ошибка обработки лица: 'list' object has no attribute 'landmark'
08:19:26 | ERROR    | NeuroFocus | VideoThread: ошибка обработки лица: 'list' object has no attribute 'landmark'
08:19:26 | ERROR    | NeuroFocus | VideoThread: ошибка обработки лица: 'list' object has no attribute 'landmark'
08:19:26 | ERROR    | NeuroFocus | VideoThread: ошибка обработки лица: 'list' object has no attribute 'landmark'
08:19:26 | ERROR    | NeuroFocus | VideoThread: ошибка обработки лица: 'list' object has no attribute 'landmark'
08:19:26 | ERROR    | NeuroFocus | VideoThread: ошибка обработки лица: 'list' object has no attribute 'landmark'
08:19:26 | ERROR    | NeuroFocus | VideoThread: ошибка обработки лица: 'list' object has no attribute 'landmark'
08:19:26 | ERROR    | NeuroFocus | VideoThread: ошибка обработки лица: 'list' object has no attribute 'landmark'
08:19:26 | ERROR    | NeuroFocus | VideoThread: ошибка обработки лица: 'list' object has no attribute 'landmark'
08:19:26 | ERROR    | NeuroFocus | VideoThread: ошибка обработки лица: 'list' object has no attribute 'landmark'
08:19:26 | ERROR    | NeuroFocus | VideoThread: ошибка обработки лица: 'list' object has no attribute 'landmark'
08:19:26 | ERROR    | NeuroFocus | VideoThread: ошибка обработки лица: 'list' object has no attribute 'landmark'
08:19:27 | ERROR    | NeuroFocus | VideoThread: ошибка обработки лица: 'list' object has no attribute 'landmark'
08:19:27 | ERROR    | NeuroFocus | VideoThread: ошибка обработки лица: 'list' object has no attribute 'landmark'
08:19:27 | ERROR    | NeuroFocus | VideoThread: ошибка обработки лица: 'list' object has no attribute 'landmark'
08:19:27 | ERROR    | NeuroFocus | VideoThread: ошибка обработки лица: 'list' object has no attribute 'landmark'
08:19:27 | ERROR    | NeuroFocus | VideoThread: ошибка обработки лица: 'list' object has no attribute 'landmark'
08:19:27 | ERROR    | NeuroFocus | VideoThread: ошибка обработки лица: 'list' object has no attribute 'landmark'
08:19:27 | ERROR    | NeuroFocus | VideoThread: ошибка обработки лица: 'list' object has no attribute 'landmark'
08:19:27 | ERROR    | NeuroFocus | VideoThread: ошибка обработки лица: 'list' object has no attribute 'landmark'
08:19:27 | ERROR    | NeuroFocus | VideoThread: ошибка обработки лица: 'list' object has no attribute 'landmark'
08:19:27 | ERROR    | NeuroFocus | VideoThread: ошибка обработки лица: 'list' object has no attribute 'landmark'
08:19:27 | ERROR    | NeuroFocus | VideoThread: ошибка обработки лица: 'list' object has no attribute 'landmark'
08:19:27 | ERROR    | NeuroFocus | VideoThread: ошибка обработки лица: 'list' object has no attribute 'landmark'
08:19:27 | ERROR    | NeuroFocus | VideoThread: ошибка обработки лица: 'list' object has no attribute 'landmark'
08:19:28 | ERROR    | NeuroFocus | VideoThread: ошибка обработки лица: 'list' object has no attribute 'landmark'
08:19:28 | ERROR    | NeuroFocus | VideoThread: ошибка обработки лица: 'list' object has no attribute 'landmark'
08:19:28 | ERROR    | NeuroFocus | VideoThread: ошибка обработки лица: 'list' object has no attribute 'landmark'
08:19:28 | ERROR    | NeuroFocus | VideoThread: ошибка обработки лица: 'list' object has no attribute 'landmark'
08:19:28 | ERROR    | NeuroFocus | VideoThread: ошибка обработки лица: 'list' object has no attribute 'landmark'
08:19:28 | ERROR    | NeuroFocus | VideoThread: ошибка обработки лица: 'list' object has no attribute 'landmark'
08:19:28 | ERROR    | NeuroFocus | VideoThread: ошибка обработки лица: 'list' object has no attribute 'landmark'
08:19:28 | ERROR    | NeuroFocus | VideoThread: ошибка обработки лица: 'list' object has no attribute 'landmark'
08:19:28 | ERROR    | NeuroFocus | VideoThread: ошибка обработки лица: 'list' object has no attribute 'landmark'
08:19:28 | ERROR    | NeuroFocus | VideoThread: ошибка обработки лица: 'list' object has no attribute 'landmark'
08:19:29 | ERROR    | NeuroFocus | VideoThread: ошибка обработки лица: 'list' object has no attribute 'landmark'
08:19:29 | ERROR    | NeuroFocus | VideoThread: ошибка обработки лица: 'list' object has no attribute 'landmark'
08:19:29 | ERROR    | NeuroFocus | VideoThread: ошибка обработки лица: 'list' object has no attribute 'landmark'
08:19:29 | ERROR    | NeuroFocus | VideoThread: ошибка обработки лица: 'list' object has no attribute 'landmark'
08:19:29 | ERROR    | NeuroFocus | VideoThread: ошибка обработки лица: 'list' object has no attribute 'landmark'
08:19:29 | ERROR    | NeuroFocus | VideoThread: ошибка обработки лица: 'list' object has no attribute 'landmark'
08:19:29 | ERROR    | NeuroFocus | VideoThread: ошибка обработки лица: 'list' object has no attribute 'landmark'
08:19:29 | ERROR    | NeuroFocus | VideoThread: ошибка обработки лица: 'list' object has no attribute 'landmark'
08:19:29 | ERROR    | NeuroFocus | VideoThread: ошибка обработки лица: 'list' object has no attribute 'landmark'
08:19:29 | ERROR    | NeuroFocus | VideoThread: ошибка обработки лица: 'list' object has no attribute 'landmark'
08:19:29 | ERROR    | NeuroFocus | VideoThread: ошибка обработки лица: 'list' object has no attribute 'landmark'
08:19:29 | ERROR    | NeuroFocus | VideoThread: ошибка обработки лица: 'list' object has no attribute 'landmark'
08:19:29 | ERROR    | NeuroFocus | VideoThread: ошибка обработки лица: 'list' object has no attribute 'landmark'
08:19:30 | ERROR    | NeuroFocus | VideoThread: ошибка обработки лица: 'list' object has no attribute 'landmark'
08:19:30 | ERROR    | NeuroFocus | VideoThread: ошибка обработки лица: 'list' object has no attribute 'landmark'
08:19:30 | ERROR    | NeuroFocus | VideoThread: ошибка обработки лица: 'list' object has no attribute 'landmark'
08:19:30 | ERROR    | NeuroFocus | VideoThread: ошибка обработки лица: 'list' object has no attribute 'landmark'
08:19:30 | ERROR    | NeuroFocus | VideoThread: ошибка обработки лица: 'list' object has no attribute 'landmark'
08:19:30 | ERROR    | NeuroFocus | VideoThread: ошибка обработки лица: 'list' object has no attribute 'landmark'
08:19:30 | ERROR    | NeuroFocus | VideoThread: ошибка обработки лица: 'list' object has no attribute 'landmark'
08:19:30 | ERROR    | NeuroFocus | VideoThread: ошибка обработки лица: 'list' object has no attribute 'landmark'
08:19:30 | ERROR    | NeuroFocus | VideoThread: ошибка обработки лица: 'list' object has no attribute 'landmark'
08:19:30 | ERROR    | NeuroFocus | VideoThread: ошибка обработки лица: 'list' object has no attribute 'landmark'
08:19:30 | ERROR    | NeuroFocus | VideoThread: ошибка обработки лица: 'list' object has no attribute 'landmark'
08:19:30 | ERROR    | NeuroFocus | VideoThread: ошибка обработки лица: 'list' object has no attribute 'landmark'
08:19:31 | ERROR    | NeuroFocus | VideoThread: ошибка обработки лица: 'list' object has no attribute 'landmark'
08:19:31 | ERROR    | NeuroFocus | VideoThread: ошибка обработки лица: 'list' object has no attribute 'landmark'
08:19:31 | ERROR    | NeuroFocus | VideoThread: ошибка обработки лица: 'list' object has no attribute 'landmark'
08:19:31 | ERROR    | NeuroFocus | VideoThread: ошибка обработки лица: 'list' object has no attribute 'landmark'
08:19:31 | ERROR    | NeuroFocus | VideoThread: ошибка обработки лица: 'list' object has no attribute 'landmark'
08:19:31 | ERROR    | NeuroFocus | VideoThread: ошибка обработки лица: 'list' object has no attribute 'landmark'
08:19:31 | ERROR    | NeuroFocus | VideoThread: ошибка обработки лица: 'list' object has no attribute 'landmark'
08:19:31 | ERROR    | NeuroFocus | VideoThread: ошибка обработки лица: 'list' object has no attribute 'landmark'
08:19:31 | ERROR    | NeuroFocus | VideoThread: ошибка обработки лица: 'list' object has no attribute 'landmark'
08:19:31 | ERROR    | NeuroFocus | VideoThread: ошибка обработки лица: 'list' object has no attribute 'landmark'
08:19:31 | ERROR    | NeuroFocus | VideoThread: ошибка обработки лица: 'list' object has no attribute 'landmark'
08:19:31 | ERROR    | NeuroFocus | VideoThread: ошибка обработки лица: 'list' object has no attribute 'landmark'
08:19:32 | ERROR    | NeuroFocus | VideoThread: ошибка обработки лица: 'list' object has no attribute 'landmark'
08:19:32 | ERROR    | NeuroFocus | VideoThread: ошибка обработки лица: 'list' object has no attribute 'landmark'
08:19:32 | ERROR    | NeuroFocus | VideoThread: ошибка обработки лица: 'list' object has no attribute 'landmark'
08:19:32 | ERROR    | NeuroFocus | VideoThread: ошибка обработки лица: 'list' object has no attribute 'landmark'
08:19:32 | ERROR    | NeuroFocus | VideoThread: ошибка обработки лица: 'list' object has no attribute 'landmark'
08:19:32 | ERROR    | NeuroFocus | VideoThread: ошибка обработки лица: 'list' object has no attribute 'landmark'
08:19:32 | ERROR    | NeuroFocus | VideoThread: ошибка обработки лица: 'list' object has no attribute 'landmark'
08:19:32 | ERROR    | NeuroFocus | VideoThread: ошибка обработки лица: 'list' object has no attribute 'landmark'
08:19:32 | ERROR    | NeuroFocus | VideoThread: ошибка обработки лица: 'list' object has no attribute 'landmark'
08:19:32 | ERROR    | NeuroFocus | VideoThread: ошибка обработки лица: 'list' object has no attribute 'landmark'
08:19:32 | ERROR    | NeuroFocus | VideoThread: ошибка обработки лица: 'list' object has no attribute 'landmark'
08:19:32 | ERROR    | NeuroFocus | VideoThread: ошибка обработки лица: 'list' object has no attribute 'landmark'
08:19:32 | ERROR    | NeuroFocus | VideoThread: ошибка обработки лица: 'list' object has no attribute 'landmark'
08:19:33 | ERROR    | NeuroFocus | VideoThread: ошибка обработки лица: 'list' object has no attribute 'landmark'
08:19:33 | ERROR    | NeuroFocus | VideoThread: ошибка обработки лица: 'list' object has no attribute 'landmark'
08:19:33 | ERROR    | NeuroFocus | VideoThread: ошибка обработки лица: 'list' object has no attribute 'landmark'
08:19:33 | ERROR    | NeuroFocus | VideoThread: ошибка обработки лица: 'list' object has no attribute 'landmark'
08:19:33 | ERROR    | NeuroFocus | VideoThread: ошибка обработки лица: 'list' object has no attribute 'landmark'
08:19:33 | ERROR    | NeuroFocus | VideoThread: ошибка обработки лица: 'list' object has no attribute 'landmark'
08:19:33 | ERROR    | NeuroFocus | VideoThread: ошибка обработки лица: 'list' object has no attribute 'landmark'
08:19:33 | ERROR    | NeuroFocus | VideoThread: ошибка обработки лица: 'list' object has no attribute 'landmark'
08:19:33 | ERROR    | NeuroFocus | VideoThread: ошибка обработки лица: 'list' object has no attribute 'landmark'
08:19:33 | ERROR    | NeuroFocus | VideoThread: ошибка обработки лица: 'list' object has no attribute 'landmark'
08:19:33 | ERROR    | NeuroFocus | VideoThread: ошибка обработки лица: 'list' object has no attribute 'landmark'
08:19:33 | ERROR    | NeuroFocus | VideoThread: ошибка обработки лица: 'list' object has no attribute 'landmark'
08:19:34 | ERROR    | NeuroFocus | VideoThread: ошибка обработки лица: 'list' object has no attribute 'landmark'
08:19:34 | ERROR    | NeuroFocus | VideoThread: ошибка обработки лица: 'list' object has no attribute 'landmark'
08:19:34 | ERROR    | NeuroFocus | VideoThread: ошибка обработки лица: 'list' object has no attribute 'landmark'
08:19:34 | ERROR    | NeuroFocus | VideoThread: ошибка обработки лица: 'list' object has no attribute 'landmark'
08:19:34 | ERROR    | NeuroFocus | VideoThread: ошибка обработки лица: 'list' object has no attribute 'landmark'
08:19:34 | ERROR    | NeuroFocus | VideoThread: ошибка обработки лица: 'list' object has no attribute 'landmark'
08:19:34 | ERROR    | NeuroFocus | VideoThread: ошибка обработки лица: 'list' object has no attribute 'landmark'
08:19:34 | ERROR    | NeuroFocus | VideoThread: ошибка обработки лица: 'list' object has no attribute 'landmark'
08:19:34 | ERROR    | NeuroFocus | VideoThread: ошибка обработки лица: 'list' object has no attribute 'landmark'
08:19:34 | ERROR    | NeuroFocus | VideoThread: ошибка обработки лица: 'list' object has no attribute 'landmark'
08:19:34 | ERROR    | NeuroFocus | VideoThread: ошибка обработки лица: 'list' object has no attribute 'landmark'
08:19:34 | INFO     | NeuroFocus | Завершение работы приложения...
08:19:34 | ERROR    | NeuroFocus | VideoThread: ошибка обработки лица: 'list' object has no attribute 'landmark'
08:19:35 | INFO     | NeuroFocus | VideoThread: завершен
08:19:35 | INFO     | NeuroFocus | Ежедневный прогресс обновлен
08:19:35 | INFO     | NeuroFocus | Приложение завершено
08:25:23 | INFO     | NeuroFocus | VideoThread инициализирован
08:26:49 | INFO     | NeuroFocus | VideoThread инициализирован
08:28:37 | INFO     | NeuroFocus | Starting NeuroFocus application
08:28:38 | INFO     | NeuroFocus | VideoThread инициализирован
08:28:38 | INFO     | NeuroFocus | Приложение запущено успешно
08:28:38 | INFO     | NeuroFocus | Main window displayed
08:28:41 | INFO     | NeuroFocus | VideoThread: камера запущена
08:28:42 | ERROR    | NeuroFocus | VideoThread: ошибка обработки лица: 'list' object has no attribute 'landmark'
08:28:42 | ERROR    | NeuroFocus | VideoThread: ошибка обработки лица: 'list' object has no attribute 'landmark'
08:28:42 | ERROR    | NeuroFocus | VideoThread: ошибка обработки лица: 'list' object has no attribute 'landmark'
08:28:42 | ERROR    | NeuroFocus | VideoThread: ошибка обработки лица: 'list' object has no attribute 'landmark'
08:28:42 | ERROR    | NeuroFocus | VideoThread: ошибка обработки лица: 'list' object has no attribute 'landmark'
08:28:42 | ERROR    | NeuroFocus | VideoThread: ошибка обработки лица: 'list' object has no attribute 'landmark'
08:28:42 | ERROR    | NeuroFocus | VideoThread: ошибка обработки лица: 'list' object has no attribute 'landmark'
08:28:42 | ERROR    | NeuroFocus | VideoThread: ошибка обработки лица: 'list' object has no attribute 'landmark'
08:28:42 | ERROR    | NeuroFocus | VideoThread: ошибка обработки лица: 'list' object has no attribute 'landmark'
08:28:43 | ERROR    | NeuroFocus | VideoThread: ошибка обработки лица: 'list' object has no attribute 'landmark'
08:28:43 | ERROR    | NeuroFocus | VideoThread: ошибка обработки лица: 'list' object has no attribute 'landmark'
08:28:43 | ERROR    | NeuroFocus | VideoThread: ошибка обработки лица: 'list' object has no attribute 'landmark'
08:28:43 | ERROR    | NeuroFocus | VideoThread: ошибка обработки лица: 'list' object has no attribute 'landmark'
08:28:43 | ERROR    | NeuroFocus | VideoThread: ошибка обработки лица: 'list' object has no attribute 'landmark'
08:28:43 | ERROR    | NeuroFocus | VideoThread: ошибка обработки лица: 'list' object has no attribute 'landmark'
08:28:43 | ERROR    | NeuroFocus | VideoThread: ошибка обработки лица: 'list' object has no attribute 'landmark'
08:28:44 | ERROR    | NeuroFocus | VideoThread: ошибка обработки лица: 'list' object has no attribute 'landmark'
08:28:44 | ERROR    | NeuroFocus | VideoThread: ошибка обработки лица: 'list' object has no attribute 'landmark'
08:28:44 | ERROR    | NeuroFocus | VideoThread: ошибка обработки лица: 'list' object has no attribute 'landmark'
08:28:44 | ERROR    | NeuroFocus | VideoThread: ошибка обработки лица: 'list' object has no attribute 'landmark'
08:28:44 | ERROR    | NeuroFocus | VideoThread: ошибка обработки лица: 'list' object has no attribute 'landmark'
08:28:44 | ERROR    | NeuroFocus | VideoThread: ошибка обработки лица: 'list' object has no attribute 'landmark'
08:28:44 | ERROR    | NeuroFocus | VideoThread: ошибка обработки лица: 'list' object has no attribute 'landmark'
08:28:44 | ERROR    | NeuroFocus | VideoThread: ошибка обработки лица: 'list' object has no attribute 'landmark'
08:28:44 | ERROR    | NeuroFocus | VideoThread: ошибка обработки лица: 'list' object has no attribute 'landmark'
08:28:44 | ERROR    | NeuroFocus | VideoThread: ошибка обработки лица: 'list' object has no attribute 'landmark'
08:28:45 | ERROR    | NeuroFocus | VideoThread: ошибка обработки лица: 'list' object has no attribute 'landmark'
08:28:45 | ERROR    | NeuroFocus | VideoThread: ошибка обработки лица: 'list' object has no attribute 'landmark'
08:28:45 | ERROR    | NeuroFocus | VideoThread: ошибка обработки лица: 'list' object has no attribute 'landmark'
08:28:45 | ERROR    | NeuroFocus | VideoThread: ошибка обработки лица: 'list' object has no attribute 'landmark'
08:28:45 | ERROR    | NeuroFocus | VideoThread: ошибка обработки лица: 'list' object has no attribute 'landmark'
08:28:45 | ERROR    | NeuroFocus | VideoThread: ошибка обработки лица: 'list' object has no attribute 'landmark'
08:28:45 | ERROR    | NeuroFocus | VideoThread: ошибка обработки лица: 'list' object has no attribute 'landmark'
08:28:45 | ERROR    | NeuroFocus | VideoThread: ошибка обработки лица: 'list' object has no attribute 'landmark'
08:28:45 | ERROR    | NeuroFocus | VideoThread: ошибка обработки лица: 'list' object has no attribute 'landmark'
08:28:46 | ERROR    | NeuroFocus | VideoThread: ошибка обработки лица: 'list' object has no attribute 'landmark'
08:28:46 | ERROR    | NeuroFocus | VideoThread: ошибка обработки лица: 'list' object has no attribute 'landmark'
08:28:46 | ERROR    | NeuroFocus | VideoThread: ошибка обработки лица: 'list' object has no attribute 'landmark'
08:28:46 | ERROR    | NeuroFocus | VideoThread: ошибка обработки лица: 'list' object has no attribute 'landmark'
08:28:46 | ERROR    | NeuroFocus | VideoThread: ошибка обработки лица: 'list' object has no attribute 'landmark'
08:28:46 | ERROR    | NeuroFocus | VideoThread: ошибка обработки лица: 'list' object has no attribute 'landmark'
08:28:46 | ERROR    | NeuroFocus | VideoThread: ошибка обработки лица: 'list' object has no attribute 'landmark'
08:28:46 | ERROR    | NeuroFocus | VideoThread: ошибка обработки лица: 'list' object has no attribute 'landmark'
08:28:46 | ERROR    | NeuroFocus | VideoThread: ошибка обработки лица: 'list' object has no attribute 'landmark'
08:28:46 | ERROR    | NeuroFocus | VideoThread: ошибка обработки лица: 'list' object has no attribute 'landmark'
08:28:46 | ERROR    | NeuroFocus | VideoThread: ошибка обработки лица: 'list' object has no attribute 'landmark'
08:28:46 | ERROR    | NeuroFocus | VideoThread: ошибка обработки лица: 'list' object has no attribute 'landmark'
08:28:47 | ERROR    | NeuroFocus | VideoThread: ошибка обработки лица: 'list' object has no attribute 'landmark'
08:28:47 | ERROR    | NeuroFocus | VideoThread: ошибка обработки лица: 'list' object has no attribute 'landmark'
08:28:47 | ERROR    | NeuroFocus | VideoThread: ошибка обработки лица: 'list' object has no attribute 'landmark'
08:28:47 | ERROR    | NeuroFocus | VideoThread: ошибка обработки лица: 'list' object has no attribute 'landmark'
08:28:47 | ERROR    | NeuroFocus | VideoThread: ошибка обработки лица: 'list' object has no attribute 'landmark'
08:28:47 | ERROR    | NeuroFocus | VideoThread: ошибка обработки лица: 'list' object has no attribute 'landmark'
08:28:47 | ERROR    | NeuroFocus | VideoThread: ошибка обработки лица: 'list' object has no attribute 'landmark'
08:28:47 | ERROR    | NeuroFocus | VideoThread: ошибка обработки лица: 'list' object has no attribute 'landmark'
08:28:47 | ERROR    | NeuroFocus | VideoThread: ошибка обработки лица: 'list' object has no attribute 'landmark'
08:28:47 | ERROR    | NeuroFocus | VideoThread: ошибка обработки лица: 'list' object has no attribute 'landmark'
08:28:47 | ERROR    | NeuroFocus | VideoThread: ошибка обработки лица: 'list' object has no attribute 'landmark'
08:28:47 | ERROR    | NeuroFocus | VideoThread: ошибка обработки лица: 'list' object has no attribute 'landmark'
08:28:47 | ERROR    | NeuroFocus | VideoThread: ошибка обработки лица: 'list' object has no attribute 'landmark'
08:28:48 | ERROR    | NeuroFocus | VideoThread: ошибка обработки лица: 'list' object has no attribute 'landmark'
08:28:48 | ERROR    | NeuroFocus | VideoThread: ошибка обработки лица: 'list' object has no attribute 'landmark'
08:28:48 | ERROR    | NeuroFocus | VideoThread: ошибка обработки лица: 'list' object has no attribute 'landmark'
08:28:48 | ERROR    | NeuroFocus | VideoThread: ошибка обработки лица: 'list' object has no attribute 'landmark'
08:28:48 | ERROR    | NeuroFocus | VideoThread: ошибка обработки лица: 'list' object has no attribute 'landmark'
08:28:48 | ERROR    | NeuroFocus | VideoThread: ошибка обработки лица: 'list' object has no attribute 'landmark'
08:28:48 | ERROR    | NeuroFocus | VideoThread: ошибка обработки лица: 'list' object has no attribute 'landmark'
08:28:48 | ERROR    | NeuroFocus | VideoThread: ошибка обработки лица: 'list' object has no attribute 'landmark'
08:28:48 | ERROR    | NeuroFocus | VideoThread: ошибка обработки лица: 'list' object has no attribute 'landmark'
08:28:48 | ERROR    | NeuroFocus | VideoThread: ошибка обработки лица: 'list' object has no attribute 'landmark'
08:28:48 | ERROR    | NeuroFocus | VideoThread: ошибка обработки лица: 'list' object has no attribute 'landmark'
08:28:48 | ERROR    | NeuroFocus | VideoThread: ошибка обработки лица: 'list' object has no attribute 'landmark'
08:28:48 | INFO     | NeuroFocus | Завершение работы приложения...
08:28:49 | INFO     | NeuroFocus | VideoThread: завершен
08:28:49 | INFO     | NeuroFocus | Ежедневный прогресс обновлен
08:28:49 | INFO     | NeuroFocus | Приложение завершено
08:32:50 | INFO     | NeuroFocus | VideoThread инициализирован
08:36:38 | INFO     | NeuroFocus | Starting NeuroFocus application
08:36:40 | INFO     | NeuroFocus | VideoThread инициализирован
08:36:40 | INFO     | NeuroFocus | Приложение запущено успешно
08:36:40 | INFO     | NeuroFocus | Main window displayed
08:36:43 | INFO     | NeuroFocus | VideoThread: камера запущена
08:36:44 | ERROR    | NeuroFocus | VideoThread: ошибка обработки лица: 'list' object has no attribute 'landmark'
08:36:44 | ERROR    | NeuroFocus | VideoThread: ошибка обработки позы: cannot access local variable 'posture_data' where it is not associated with a value
08:36:44 | ERROR    | NeuroFocus | VideoThread: ошибка обработки лица: 'list' object has no attribute 'landmark'
08:36:44 | ERROR    | NeuroFocus | VideoThread: ошибка обработки позы: cannot access local variable 'posture_data' where it is not associated with a value
08:36:44 | ERROR    | NeuroFocus | VideoThread: ошибка обработки лица: 'list' object has no attribute 'landmark'
08:36:44 | ERROR    | NeuroFocus | VideoThread: ошибка обработки позы: cannot access local variable 'posture_data' where it is not associated with a value
08:36:44 | ERROR    | NeuroFocus | VideoThread: ошибка обработки лица: 'list' object has no attribute 'landmark'
08:36:44 | ERROR    | NeuroFocus | VideoThread: ошибка обработки позы: cannot access local variable 'posture_data' where it is not associated with a value
08:36:44 | ERROR    | NeuroFocus | VideoThread: ошибка обработки лица: 'list' object has no attribute 'landmark'
08:36:44 | ERROR    | NeuroFocus | VideoThread: ошибка обработки позы: cannot access local variable 'posture_data' where it is not associated with a value
08:36:44 | ERROR    | NeuroFocus | VideoThread: ошибка обработки лица: 'list' object has no attribute 'landmark'
08:36:44 | ERROR    | NeuroFocus | VideoThread: ошибка обработки позы: cannot access local variable 'posture_data' where it is not associated with a value
08:36:44 | ERROR    | NeuroFocus | VideoThread: ошибка обработки лица: 'list' object has no attribute 'landmark'
08:36:44 | ERROR    | NeuroFocus | VideoThread: ошибка обработки позы: cannot access local variable 'posture_data' where it is not associated with a value
08:36:44 | ERROR    | NeuroFocus | VideoThread: ошибка обработки лица: 'list' object has no attribute 'landmark'
08:36:44 | ERROR    | NeuroFocus | VideoThread: ошибка обработки позы: cannot access local variable 'posture_data' where it is not associated with a value
08:36:44 | ERROR    | NeuroFocus | VideoThread: ошибка обработки лица: 'list' object has no attribute 'landmark'
08:36:44 | ERROR    | NeuroFocus | VideoThread: ошибка обработки позы: cannot access local variable 'posture_data' where it is not associated with a value
08:36:44 | ERROR    | NeuroFocus | VideoThread: ошибка обработки лица: 'list' object has no attribute 'landmark'
08:36:44 | ERROR    | NeuroFocus | VideoThread: ошибка обработки позы: cannot access local variable 'posture_data' where it is not associated with a value
08:36:44 | ERROR    | NeuroFocus | VideoThread: ошибка обработки лица: 'list' object has no attribute 'landmark'
08:36:44 | ERROR    | NeuroFocus | VideoThread: ошибка обработки позы: cannot access local variable 'posture_data' where it is not associated with a value
08:36:44 | ERROR    | NeuroFocus | VideoThread: ошибка обработки лица: 'list' object has no attribute 'landmark'
08:36:44 | ERROR    | NeuroFocus | VideoThread: ошибка обработки позы: cannot access local variable 'posture_data' where it is not associated with a value
08:36:44 | ERROR    | NeuroFocus | VideoThread: ошибка обработки лица: 'list' object has no attribute 'landmark'
08:36:45 | ERROR    | NeuroFocus | VideoThread: ошибка обработки позы: cannot access local variable 'posture_data' where it is not associated with a value
08:36:45 | ERROR    | NeuroFocus | VideoThread: ошибка обработки лица: 'list' object has no attribute 'landmark'
08:36:45 | ERROR    | NeuroFocus | VideoThread: ошибка обработки позы: cannot access local variable 'posture_data' where it is not associated with a value
08:36:45 | ERROR    | NeuroFocus | VideoThread: ошибка обработки лица: 'list' object has no attribute 'landmark'
08:36:45 | ERROR    | NeuroFocus | VideoThread: ошибка обработки позы: cannot access local variable 'posture_data' where it is not associated with a value
08:36:45 | ERROR    | NeuroFocus | VideoThread: ошибка обработки лица: 'list' object has no attribute 'landmark'
08:36:45 | ERROR    | NeuroFocus | VideoThread: ошибка обработки позы: cannot access local variable 'posture_data' where it is not associated with a value
08:36:45 | ERROR    | NeuroFocus | VideoThread: ошибка обработки позы: cannot access local variable 'posture_data' where it is not associated with a value
08:36:45 | ERROR    | NeuroFocus | VideoThread: ошибка обработки лица: 'list' object has no attribute 'landmark'
08:36:45 | ERROR    | NeuroFocus | VideoThread: ошибка обработки позы: cannot access local variable 'posture_data' where it is not associated with a value
08:36:45 | ERROR    | NeuroFocus | VideoThread: ошибка обработки лица: 'list' object has no attribute 'landmark'
08:36:45 | ERROR    | NeuroFocus | VideoThread: ошибка обработки позы: cannot access local variable 'posture_data' where it is not associated with a value
08:36:45 | ERROR    | NeuroFocus | VideoThread: ошибка обработки лица: 'list' object has no attribute 'landmark'
08:36:45 | ERROR    | NeuroFocus | VideoThread: ошибка обработки позы: cannot access local variable 'posture_data' where it is not associated with a value
08:36:45 | ERROR    | NeuroFocus | VideoThread: ошибка обработки лица: 'list' object has no attribute 'landmark'
08:36:45 | ERROR    | NeuroFocus | VideoThread: ошибка обработки позы: cannot access local variable 'posture_data' where it is not associated with a value
08:36:45 | ERROR    | NeuroFocus | VideoThread: ошибка обработки лица: 'list' object has no attribute 'landmark'
08:36:45 | ERROR    | NeuroFocus | VideoThread: ошибка обработки позы: cannot access local variable 'posture_data' where it is not associated with a value
08:36:45 | ERROR    | NeuroFocus | VideoThread: ошибка обработки лица: 'list' object has no attribute 'landmark'
08:36:45 | ERROR    | NeuroFocus | VideoThread: ошибка обработки позы: cannot access local variable 'posture_data' where it is not associated with a value
08:36:45 | ERROR    | NeuroFocus | VideoThread: ошибка обработки лица: 'list' object has no attribute 'landmark'
08:36:45 | ERROR    | NeuroFocus | VideoThread: ошибка обработки позы: cannot access local variable 'posture_data' where it is not associated with a value
08:36:45 | ERROR    | NeuroFocus | VideoThread: ошибка обработки лица: 'list' object has no attribute 'landmark'
08:36:45 | ERROR    | NeuroFocus | VideoThread: ошибка обработки позы: cannot access local variable 'posture_data' where it is not associated with a value
08:36:45 | ERROR    | NeuroFocus | VideoThread: ошибка обработки лица: 'list' object has no attribute 'landmark'
08:36:46 | ERROR    | NeuroFocus | VideoThread: ошибка обработки позы: cannot access local variable 'posture_data' where it is not associated with a value
08:36:46 | ERROR    | NeuroFocus | VideoThread: ошибка обработки позы: cannot access local variable 'posture_data' where it is not associated with a value
08:36:46 | ERROR    | NeuroFocus | VideoThread: ошибка обработки позы: cannot access local variable 'posture_data' where it is not associated with a value
08:36:46 | ERROR    | NeuroFocus | VideoThread: ошибка обработки позы: cannot access local variable 'posture_data' where it is not associated with a value
08:36:46 | ERROR    | NeuroFocus | VideoThread: ошибка обработки позы: cannot access local variable 'posture_data' where it is not associated with a value
08:36:46 | ERROR    | NeuroFocus | VideoThread: ошибка обработки позы: cannot access local variable 'posture_data' where it is not associated with a value
08:36:46 | ERROR    | NeuroFocus | VideoThread: ошибка обработки позы: cannot access local variable 'posture_data' where it is not associated with a value
08:36:46 | ERROR    | NeuroFocus | VideoThread: ошибка обработки позы: cannot access local variable 'posture_data' where it is not associated with a value
08:36:46 | ERROR    | NeuroFocus | VideoThread: ошибка обработки позы: cannot access local variable 'posture_data' where it is not associated with a value
08:36:46 | ERROR    | NeuroFocus | VideoThread: ошибка обработки лица: 'list' object has no attribute 'landmark'
08:36:46 | ERROR    | NeuroFocus | VideoThread: ошибка обработки позы: cannot access local variable 'posture_data' where it is not associated with a value
08:36:46 | ERROR    | NeuroFocus | VideoThread: ошибка обработки лица: 'list' object has no attribute 'landmark'
08:36:46 | ERROR    | NeuroFocus | VideoThread: ошибка обработки позы: cannot access local variable 'posture_data' where it is not associated with a value
08:36:46 | ERROR    | NeuroFocus | VideoThread: ошибка обработки лица: 'list' object has no attribute 'landmark'
08:36:46 | ERROR    | NeuroFocus | VideoThread: ошибка обработки позы: cannot access local variable 'posture_data' where it is not associated with a value
08:36:46 | ERROR    | NeuroFocus | VideoThread: ошибка обработки лица: 'list' object has no attribute 'landmark'
08:36:46 | ERROR    | NeuroFocus | VideoThread: ошибка обработки позы: cannot access local variable 'posture_data' where it is not associated with a value
08:36:46 | ERROR    | NeuroFocus | VideoThread: ошибка обработки лица: 'list' object has no attribute 'landmark'
08:36:46 | ERROR    | NeuroFocus | VideoThread: ошибка обработки позы: cannot access local variable 'posture_data' where it is not associated with a value
08:36:46 | ERROR    | NeuroFocus | VideoThread: ошибка обработки лица: 'list' object has no attribute 'landmark'
08:36:47 | ERROR    | NeuroFocus | VideoThread: ошибка обработки позы: cannot access local variable 'posture_data' where it is not associated with a value
08:36:47 | ERROR    | NeuroFocus | VideoThread: ошибка обработки лица: 'list' object has no attribute 'landmark'
08:36:47 | ERROR    | NeuroFocus | VideoThread: ошибка обработки позы: cannot access local variable 'posture_data' where it is not associated with a value
08:36:47 | ERROR    | NeuroFocus | VideoThread: ошибка обработки лица: 'list' object has no attribute 'landmark'
08:36:47 | ERROR    | NeuroFocus | VideoThread: ошибка обработки позы: cannot access local variable 'posture_data' where it is not associated with a value
08:36:47 | ERROR    | NeuroFocus | VideoThread: ошибка обработки лица: 'list' object has no attribute 'landmark'
08:36:47 | ERROR    | NeuroFocus | VideoThread: ошибка обработки позы: cannot access local variable 'posture_data' where it is not associated with a value
08:36:47 | ERROR    | NeuroFocus | VideoThread: ошибка обработки лица: 'list' object has no attribute 'landmark'
08:36:47 | ERROR    | NeuroFocus | VideoThread: ошибка обработки позы: cannot access local variable 'posture_data' where it is not associated with a value
08:36:47 | ERROR    | NeuroFocus | VideoThread: ошибка обработки лица: 'list' object has no attribute 'landmark'
08:36:47 | ERROR    | NeuroFocus | VideoThread: ошибка обработки позы: cannot access local variable 'posture_data' where it is not associated with a value
08:36:47 | ERROR    | NeuroFocus | VideoThread: ошибка обработки лица: 'list' object has no attribute 'landmark'
08:36:47 | ERROR    | NeuroFocus | VideoThread: ошибка обработки позы: cannot access local variable 'posture_data' where it is not associated with a value
08:36:47 | ERROR    | NeuroFocus | VideoThread: ошибка обработки позы: cannot access local variable 'posture_data' where it is not associated with a value
08:36:47 | ERROR    | NeuroFocus | VideoThread: ошибка обработки позы: cannot access local variable 'posture_data' where it is not associated with a value
08:36:47 | ERROR    | NeuroFocus | VideoThread: ошибка обработки позы: cannot access local variable 'posture_data' where it is not associated with a value
08:36:47 | ERROR    | NeuroFocus | VideoThread: ошибка обработки позы: cannot access local variable 'posture_data' where it is not associated with a value
08:36:47 | ERROR    | NeuroFocus | VideoThread: ошибка обработки лица: 'list' object has no attribute 'landmark'
08:36:47 | ERROR    | NeuroFocus | VideoThread: ошибка обработки позы: cannot access local variable 'posture_data' where it is not associated with a value
08:36:47 | ERROR    | NeuroFocus | VideoThread: ошибка обработки лица: 'list' object has no attribute 'landmark'
08:36:47 | ERROR    | NeuroFocus | VideoThread: ошибка обработки позы: cannot access local variable 'posture_data' where it is not associated with a value
08:36:47 | ERROR    | NeuroFocus | VideoThread: ошибка обработки лица: 'list' object has no attribute 'landmark'
08:36:47 | ERROR    | NeuroFocus | VideoThread: ошибка обработки позы: cannot access local variable 'posture_data' where it is not associated with a value
08:36:48 | ERROR    | NeuroFocus | VideoThread: ошибка обработки лица: 'list' object has no attribute 'landmark'
08:36:48 | ERROR    | NeuroFocus | VideoThread: ошибка обработки позы: cannot access local variable 'posture_data' where it is not associated with a value
08:36:48 | ERROR    | NeuroFocus | VideoThread: ошибка обработки лица: 'list' object has no attribute 'landmark'
08:36:48 | ERROR    | NeuroFocus | VideoThread: ошибка обработки позы: cannot access local variable 'posture_data' where it is not associated with a value
08:36:48 | ERROR    | NeuroFocus | VideoThread: ошибка обработки лица: 'list' object has no attribute 'landmark'
08:36:48 | ERROR    | NeuroFocus | VideoThread: ошибка обработки позы: cannot access local variable 'posture_data' where it is not associated with a value
08:36:48 | ERROR    | NeuroFocus | VideoThread: ошибка обработки лица: 'list' object has no attribute 'landmark'
08:36:48 | ERROR    | NeuroFocus | VideoThread: ошибка обработки позы: cannot access local variable 'posture_data' where it is not associated with a value
08:36:48 | ERROR    | NeuroFocus | VideoThread: ошибка обработки лица: 'list' object has no attribute 'landmark'
08:36:48 | ERROR    | NeuroFocus | VideoThread: ошибка обработки позы: cannot access local variable 'posture_data' where it is not associated with a value
08:36:48 | ERROR    | NeuroFocus | VideoThread: ошибка обработки лица: 'list' object has no attribute 'landmark'
08:36:48 | ERROR    | NeuroFocus | VideoThread: ошибка обработки позы: cannot access local variable 'posture_data' where it is not associated with a value
08:36:48 | ERROR    | NeuroFocus | VideoThread: ошибка обработки лица: 'list' object has no attribute 'landmark'
08:36:48 | ERROR    | NeuroFocus | VideoThread: ошибка обработки позы: cannot access local variable 'posture_data' where it is not associated with a value
08:36:48 | ERROR    | NeuroFocus | VideoThread: ошибка обработки лица: 'list' object has no attribute 'landmark'
08:36:48 | ERROR    | NeuroFocus | VideoThread: ошибка обработки позы: cannot access local variable 'posture_data' where it is not associated with a value
08:36:48 | ERROR    | NeuroFocus | VideoThread: ошибка обработки лица: 'list' object has no attribute 'landmark'
08:36:48 | ERROR    | NeuroFocus | VideoThread: ошибка обработки позы: cannot access local variable 'posture_data' where it is not associated with a value
08:36:48 | ERROR    | NeuroFocus | VideoThread: ошибка обработки лица: 'list' object has no attribute 'landmark'
08:36:48 | ERROR    | NeuroFocus | VideoThread: ошибка обработки позы: cannot access local variable 'posture_data' where it is not associated with a value
08:36:48 | ERROR    | NeuroFocus | VideoThread: ошибка обработки лица: 'list' object has no attribute 'landmark'
08:36:48 | ERROR    | NeuroFocus | VideoThread: ошибка обработки позы: cannot access local variable 'posture_data' where it is not associated with a value
08:36:48 | ERROR    | NeuroFocus | VideoThread: ошибка обработки лица: 'list' object has no attribute 'landmark'
08:36:48 | ERROR    | NeuroFocus | VideoThread: ошибка обработки позы: cannot access local variable 'posture_data' where it is not associated with a value
08:36:48 | ERROR    | NeuroFocus | VideoThread: ошибка обработки лица: 'list' object has no attribute 'landmark'
08:36:49 | ERROR    | NeuroFocus | VideoThread: ошибка обработки позы: cannot access local variable 'posture_data' where it is not associated with a value
08:36:49 | ERROR    | NeuroFocus | VideoThread: ошибка обработки лица: 'list' object has no attribute 'landmark'
08:36:49 | ERROR    | NeuroFocus | VideoThread: ошибка обработки позы: cannot access local variable 'posture_data' where it is not associated with a value
08:36:49 | ERROR    | NeuroFocus | VideoThread: ошибка обработки лица: 'list' object has no attribute 'landmark'
08:36:49 | ERROR    | NeuroFocus | VideoThread: ошибка обработки позы: cannot access local variable 'posture_data' where it is not associated with a value
08:36:49 | ERROR    | NeuroFocus | VideoThread: ошибка обработки лица: 'list' object has no attribute 'landmark'
08:36:49 | ERROR    | NeuroFocus | VideoThread: ошибка обработки позы: cannot access local variable 'posture_data' where it is not associated with a value
08:36:49 | ERROR    | NeuroFocus | VideoThread: ошибка обработки лица: 'list' object has no attribute 'landmark'
08:36:49 | ERROR    | NeuroFocus | VideoThread: ошибка обработки позы: cannot access local variable 'posture_data' where it is not associated with a value
08:36:49 | ERROR    | NeuroFocus | VideoThread: ошибка обработки лица: 'list' object has no attribute 'landmark'
08:36:49 | ERROR    | NeuroFocus | VideoThread: ошибка обработки позы: cannot access local variable 'posture_data' where it is not associated with a value
08:36:49 | ERROR    | NeuroFocus | VideoThread: ошибка обработки лица: 'list' object has no attribute 'landmark'
08:36:49 | ERROR    | NeuroFocus | VideoThread: ошибка обработки позы: cannot access local variable 'posture_data' where it is not associated with a value
08:36:49 | ERROR    | NeuroFocus | VideoThread: ошибка обработки лица: 'list' object has no attribute 'landmark'
08:36:49 | INFO     | NeuroFocus | Завершение работы приложения...
08:36:49 | ERROR    | NeuroFocus | VideoThread: ошибка обработки позы: cannot access local variable 'posture_data' where it is not associated with a value
08:36:49 | INFO     | NeuroFocus | VideoThread: завершен
08:36:49 | INFO     | NeuroFocus | Ежедневный прогресс обновлен
08:36:49 | INFO     | NeuroFocus | Приложение завершено
08:45:58 | INFO     | NeuroFocus | Starting NeuroFocus application
08:47:20 | INFO     | NeuroFocus | Starting NeuroFocus application
08:47:29 | INFO     | NeuroFocus | VideoThread инициализирован
08:47:29 | INFO     | NeuroFocus | Приложение запущено успешно
08:47:29 | INFO     | NeuroFocus | Main window displayed
09:07:09 | INFO     | NeuroFocus | Starting NeuroFocus application
09:07:10 | INFO     | NeuroFocus | VideoThread инициализирован
09:07:10 | INFO     | NeuroFocus | Приложение запущено успешно
09:07:10 | INFO     | NeuroFocus | Main window displayed
09:07:14 | INFO     | NeuroFocus | VideoThread: камера запущена
09:07:19 | WARNING  | NeuroFocus | Лицо пользователя потеряно на 5.0 секунд
09:21:02 | INFO     | NeuroFocus | Starting NeuroFocus application
09:22:47 | INFO     | NeuroFocus | Starting NeuroFocus application
09:36:24 | INFO     | NeuroFocus | Starting NeuroFocus application
09:45:19 | INFO     | NeuroFocus | Starting NeuroFocus application
09:52:16 | INFO     | NeuroFocus | Завершение работы приложения...
09:52:17 | INFO     | NeuroFocus | VideoThread: завершен
09:52:17 | INFO     | NeuroFocus | Ежедневный прогресс обновлен
09:52:17 | INFO     | NeuroFocus | Приложение завершено
10:28:14 | INFO     | NeuroFocus | Starting NeuroFocus application
10:38:32 | INFO     | NeuroFocus | Starting NeuroFocus application
10:38:33 | ERROR    | NeuroFocus | Ошибка инициализации процессоров: 'VideoThread' object has no attribute 'user_profile_manager'
10:38:33 | INFO     | NeuroFocus | VideoThread инициализирован
10:38:33 | ERROR    | NeuroFocus | VideoThread: процессоры не инициализированы
10:38:33 | INFO     | NeuroFocus | Приложение запущено успешно
10:38:34 | INFO     | NeuroFocus | Main window displayed
10:49:44 | INFO     | NeuroFocus | Starting NeuroFocus application
10:49:45 | ERROR    | NeuroFocus | Ошибка инициализации процессоров: 'VideoThread' object has no attribute 'user_profile_manager'
10:49:45 | INFO     | NeuroFocus | VideoThread инициализирован
10:49:45 | ERROR    | NeuroFocus | VideoThread: процессоры не инициализированы
10:49:45 | INFO     | NeuroFocus | Приложение запущено успешно
10:49:45 | INFO     | NeuroFocus | Main window displayed
11:55:36 | INFO     | NeuroFocus | Starting NeuroFocus application
11:55:37 | ERROR    | NeuroFocus | Ошибка инициализации процессоров: 'VideoThread' object has no attribute 'user_profile_manager'
11:55:37 | INFO     | NeuroFocus | VideoThread инициализирован
11:55:37 | ERROR    | NeuroFocus | VideoThread: процессоры не инициализированы
11:55:37 | INFO     | NeuroFocus | Приложение запущено успешно
11:55:37 | INFO     | NeuroFocus | Main window displayed
11:56:01 | INFO     | NeuroFocus | Завершение работы приложения...
11:56:01 | INFO     | NeuroFocus | Ежедневный прогресс обновлен
11:56:01 | INFO     | NeuroFocus | Приложение завершено
12:54:30 | INFO     | NeuroFocus | Starting NeuroFocus application
12:54:31 | ERROR    | NeuroFocus | Ошибка инициализации процессоров: 'VideoThread' object has no attribute 'user_profile_manager'
12:54:31 | INFO     | NeuroFocus | VideoThread инициализирован
12:54:31 | ERROR    | NeuroFocus | VideoThread: процессоры не инициализированы
12:54:31 | INFO     | NeuroFocus | Приложение запущено успешно
12:54:31 | INFO     | NeuroFocus | Main window displayed
13:16:17 | INFO     | NeuroFocus | Starting NeuroFocus application
13:16:18 | ERROR    | NeuroFocus | Ошибка инициализации процессоров: 'VideoThread' object has no attribute 'user_profile_manager'
13:16:18 | INFO     | NeuroFocus | VideoThread инициализирован
13:16:18 | ERROR    | NeuroFocus | VideoThread: процессоры не инициализированы
13:16:18 | INFO     | NeuroFocus | Приложение запущено успешно
13:16:18 | INFO     | NeuroFocus | Main window displayed
13:16:24 | INFO     | NeuroFocus | Завершение работы приложения...
13:16:24 | INFO     | NeuroFocus | Ежедневный прогресс обновлен
13:16:24 | INFO     | NeuroFocus | Приложение завершено
13:22:50 | INFO     | NeuroFocus | Starting NeuroFocus application
13:23:00 | WARNING  | NeuroFocus | Не удалось загрузить модель эмоций: name 'EmotionDetector' is not defined
13:23:00 | INFO     | NeuroFocus | VideoThread инициализирован
13:23:00 | INFO     | NeuroFocus | Приложение запущено успешно
13:23:00 | INFO     | NeuroFocus | Main window displayed
13:23:04 | INFO     | NeuroFocus | VideoThread: камера запущена
13:23:09 | WARNING  | NeuroFocus | Лицо пользователя потеряно на 5.0 секунд
13:23:52 | WARNING  | NeuroFocus | Лицо пользователя потеряно на 5.0 секунд
13:36:05 | INFO     | NeuroFocus | Starting NeuroFocus application
13:36:07 | INFO     | NeuroFocus | VideoThread инициализирован
13:36:07 | INFO     | NeuroFocus | Приложение запущено успешно
13:36:07 | INFO     | NeuroFocus | Main window displayed
13:36:11 | INFO     | NeuroFocus | VideoThread: камера запущена
13:36:26 | WARNING  | NeuroFocus | Лицо пользователя потеряно на 5.3 секунд
13:36:27 | INFO     | NeuroFocus | Завершение работы приложения...
13:36:27 | INFO     | NeuroFocus | VideoThread: завершен
13:36:27 | INFO     | NeuroFocus | Ежедневный прогресс обновлен
13:36:27 | INFO     | NeuroFocus | Приложение завершено
13:44:28 | INFO     | NeuroFocus | Starting NeuroFocus application
13:44:29 | INFO     | NeuroFocus | VideoThread инициализирован
13:44:29 | INFO     | NeuroFocus | Приложение запущено успешно
13:44:29 | INFO     | NeuroFocus | Main window displayed
13:44:33 | INFO     | NeuroFocus | VideoThread: камера запущена
13:44:38 | WARNING  | NeuroFocus | Лицо пользователя потеряно на 5.1 секунд
13:45:05 | INFO     | NeuroFocus | Завершение работы приложения...
13:45:05 | INFO     | NeuroFocus | VideoThread: завершен
13:45:05 | INFO     | NeuroFocus | Ежедневный прогресс обновлен
13:45:05 | INFO     | NeuroFocus | Приложение завершено
